#
# There is insufficient memory for the Java Runtime Environment to continue.
# Native memory allocation (malloc) failed to allocate 1211936 bytes for Chunk::new
# Possible reasons:
#   The system is out of physical RAM or swap space
#   The process is running with CompressedOops enabled, and the Java Heap may be blocking the growth of the native heap
# Possible solutions:
#   Reduce memory load on the system
#   Increase physical memory or swap space
#   Check if swap backing store is full
#   Decrease Java heap size (-Xmx/-Xms)
#   Decrease number of Java threads
#   Decrease Java thread stack sizes (-Xss)
#   Set larger code cache with -XX:ReservedCodeCacheSize=
#   JVM is running with Unscaled Compressed Oops mode in which the Java heap is
#     placed in the first 4GB address space. The Java Heap base address is the
#     maximum limit for the native heap growth. Please use -XX:HeapBaseMinAddress
#     to set the Java Heap base and to place the Java Heap above 4GB virtual address.
# This output file may be truncated or incomplete.
#
#  Out of Memory Error (arena.cpp:191), pid=10600, tid=12284
#
# JRE version: OpenJDK Runtime Environment (17.0.9) (build 17.0.9+0--11185874)
# Java VM: OpenJDK 64-Bit Server VM (17.0.9+0--11185874, mixed mode, tiered, compressed oops, compressed class ptrs, g1 gc, windows-amd64)
# No core dump will be written. Minidumps are not enabled by default on client versions of Windows
#

---------------  S U M M A R Y ------------

Command Line: --add-opens=java.base/java.util=ALL-UNNAMED --add-opens=java.base/java.lang=ALL-UNNAMED --add-opens=java.base/java.lang.invoke=ALL-UNNAMED --add-opens=java.prefs/java.util.prefs=ALL-UNNAMED --add-opens=java.base/java.nio.charset=ALL-UNNAMED --add-opens=java.base/java.net=ALL-UNNAMED --add-opens=java.base/java.util.concurrent.atomic=ALL-UNNAMED -Xmx2048m -Dfile.encoding=UTF-8 -Duser.country=ES -Duser.language=es -Duser.variant -javaagent:C:\Users\Nicolas\.gradle\wrapper\dists\gradle-8.4-bin\1w5dpkrfk8irigvoxmyhowfim\gradle-8.4\lib\agents\gradle-instrumentation-agent-8.4.jar org.gradle.launcher.daemon.bootstrap.GradleDaemon 8.4

Host: Intel(R) Core(TM) i5-8400 CPU @ 2.80GHz, 6 cores, 15G,  Windows 10 , 64 bit Build 19041 (10.0.19041.3636)
Time: Wed May 15 01:46:45 2024 Hora estándar de Argentina elapsed time: 28.351855 seconds (0d 0h 0m 28s)

---------------  T H R E A D  ---------------

Current thread (0x0000021a417983d0):  JavaThread "C2 CompilerThread0" daemon [_thread_in_native, id=12284, stack(0x0000002645700000,0x0000002645800000)]


Current CompileTask:
C2:  28351 9367   !   4       java.lang.ClassLoader::loadClass (121 bytes)

Stack: [0x0000002645700000,0x0000002645800000]
Native frames: (J=compiled Java code, j=interpreted, Vv=VM code, C=native code)
V  [jvm.dll+0x6886e9]
V  [jvm.dll+0x841e4a]
V  [jvm.dll+0x843a8e]
V  [jvm.dll+0x8440f3]
V  [jvm.dll+0x24c14f]
V  [jvm.dll+0xac44c]
V  [jvm.dll+0xaca9c]
V  [jvm.dll+0x2b376f]
V  [jvm.dll+0x590767]
V  [jvm.dll+0x226762]
V  [jvm.dll+0x226b4f]
V  [jvm.dll+0x21fc76]
V  [jvm.dll+0x21d0c1]
V  [jvm.dll+0x1a674d]
V  [jvm.dll+0x22d088]
V  [jvm.dll+0x22b1c0]
V  [jvm.dll+0x7f62f7]
V  [jvm.dll+0x7f06aa]
V  [jvm.dll+0x687565]
C  [ucrtbase.dll+0x21bb2]
C  [KERNEL32.DLL+0x17344]
C  [ntdll.dll+0x526b1]


---------------  P R O C E S S  ---------------

Threads class SMR info:
_java_thread_list=0x0000021a4a725fa0, length=48, elements={
0x0000021a27b70310, 0x0000021a41742630, 0x0000021a417444f0, 0x0000021a4178a3b0,
0x0000021a4178b590, 0x0000021a4178be60, 0x0000021a4178c730, 0x0000021a417983d0,
0x0000021a4179b5c0, 0x0000021a4179dee0, 0x0000021a418a6350, 0x0000021a41a46c20,
0x0000021a48264020, 0x0000021a41aa6c90, 0x0000021a47d098a0, 0x0000021a41a9fcd0,
0x0000021a4788da20, 0x0000021a46a273e0, 0x0000021a46a28d30, 0x0000021a46a27e00,
0x0000021a46a28310, 0x0000021a46a29240, 0x0000021a46a28820, 0x0000021a46a29750,
0x0000021a46a2a170, 0x0000021a46a2a680, 0x0000021a46a26ed0, 0x0000021a4629fab0,
0x0000021a462a04d0, 0x0000021a4629ffc0, 0x0000021a46299570, 0x0000021a46299060,
0x0000021a46299a80, 0x0000021a4629a9b0, 0x0000021a4629bdf0, 0x0000021a4629d230,
0x0000021a4629cd20, 0x0000021a4629dc50, 0x0000021a4629c810, 0x0000021a4629d740,
0x0000021a4629e160, 0x0000021a462a09e0, 0x0000021a4629e670, 0x0000021a4629aec0,
0x0000021a4629eb80, 0x0000021a4629f090, 0x0000021a48c6dc70, 0x0000021a46361030
}

Java Threads: ( => current thread )
  0x0000021a27b70310 JavaThread "main" [_thread_blocked, id=20092, stack(0x0000002644a00000,0x0000002644b00000)]
  0x0000021a41742630 JavaThread "Reference Handler" daemon [_thread_blocked, id=19996, stack(0x0000002645100000,0x0000002645200000)]
  0x0000021a417444f0 JavaThread "Finalizer" daemon [_thread_blocked, id=18012, stack(0x0000002645200000,0x0000002645300000)]
  0x0000021a4178a3b0 JavaThread "Signal Dispatcher" daemon [_thread_blocked, id=12596, stack(0x0000002645300000,0x0000002645400000)]
  0x0000021a4178b590 JavaThread "Attach Listener" daemon [_thread_blocked, id=12240, stack(0x0000002645400000,0x0000002645500000)]
  0x0000021a4178be60 JavaThread "Service Thread" daemon [_thread_blocked, id=18996, stack(0x0000002645500000,0x0000002645600000)]
  0x0000021a4178c730 JavaThread "Monitor Deflation Thread" daemon [_thread_blocked, id=18972, stack(0x0000002645600000,0x0000002645700000)]
=>0x0000021a417983d0 JavaThread "C2 CompilerThread0" daemon [_thread_in_native, id=12284, stack(0x0000002645700000,0x0000002645800000)]
  0x0000021a4179b5c0 JavaThread "C1 CompilerThread0" daemon [_thread_blocked, id=11072, stack(0x0000002645800000,0x0000002645900000)]
  0x0000021a4179dee0 JavaThread "Sweeper thread" daemon [_thread_blocked, id=1248, stack(0x0000002645900000,0x0000002645a00000)]
  0x0000021a418a6350 JavaThread "Common-Cleaner" daemon [_thread_blocked, id=10400, stack(0x0000002645a00000,0x0000002645b00000)]
  0x0000021a41a46c20 JavaThread "Notification Thread" daemon [_thread_blocked, id=12220, stack(0x0000002645b00000,0x0000002645c00000)]
  0x0000021a48264020 JavaThread "Daemon health stats" [_thread_blocked, id=1360, stack(0x0000002645d00000,0x0000002645e00000)]
  0x0000021a41aa6c90 JavaThread "Incoming local TCP Connector on port 57922" [_thread_in_native, id=18520, stack(0x0000002646300000,0x0000002646400000)]
  0x0000021a47d098a0 JavaThread "Daemon periodic checks" [_thread_blocked, id=16824, stack(0x0000002646400000,0x0000002646500000)]
  0x0000021a41a9fcd0 JavaThread "Daemon" [_thread_blocked, id=8464, stack(0x0000002646500000,0x0000002646600000)]
  0x0000021a4788da20 JavaThread "Handler for socket connection from /127.0.0.1:57922 to /127.0.0.1:57924" [_thread_in_native, id=12196, stack(0x0000002646600000,0x0000002646700000)]
  0x0000021a46a273e0 JavaThread "Cancel handler" [_thread_blocked, id=3612, stack(0x0000002646800000,0x0000002646900000)]
  0x0000021a46a28d30 JavaThread "Daemon worker" [_thread_in_vm, id=11636, stack(0x0000002646900000,0x0000002646a00000)]
  0x0000021a46a27e00 JavaThread "Asynchronous log dispatcher for DefaultDaemonConnection: socket connection from /127.0.0.1:57922 to /127.0.0.1:57924" [_thread_blocked, id=612, stack(0x0000002646a00000,0x0000002646b00000)]
  0x0000021a46a28310 JavaThread "Stdin handler" [_thread_blocked, id=14856, stack(0x0000002646b00000,0x0000002646c00000)]
  0x0000021a46a29240 JavaThread "Daemon client event forwarder" [_thread_blocked, id=14176, stack(0x0000002646c00000,0x0000002646d00000)]
  0x0000021a46a28820 JavaThread "Cache worker for journal cache (C:\Users\Nicolas\.gradle\caches\journal-1)" [_thread_blocked, id=22280, stack(0x0000002646e00000,0x0000002646f00000)]
  0x0000021a46a29750 JavaThread "File lock request listener" [_thread_in_native, id=7256, stack(0x0000002646f00000,0x0000002647000000)]
  0x0000021a46a2a170 JavaThread "Cache worker for file hash cache (C:\Users\Nicolas\.gradle\caches\8.4\fileHashes)" [_thread_blocked, id=5348, stack(0x0000002647000000,0x0000002647100000)]
  0x0000021a46a2a680 JavaThread "File watcher server" daemon [_thread_in_native, id=5352, stack(0x0000002647100000,0x0000002647200000)]
  0x0000021a46a26ed0 JavaThread "File watcher consumer" daemon [_thread_blocked, id=1112, stack(0x0000002647200000,0x0000002647300000)]
  0x0000021a4629fab0 JavaThread "jar transforms" [_thread_blocked, id=1624, stack(0x0000002647300000,0x0000002647400000)]
  0x0000021a462a04d0 JavaThread "jar transforms Thread 2" [_thread_blocked, id=13532, stack(0x0000002647400000,0x0000002647500000)]
  0x0000021a4629ffc0 JavaThread "jar transforms Thread 3" [_thread_blocked, id=14880, stack(0x0000002647500000,0x0000002647600000)]
  0x0000021a46299570 JavaThread "jar transforms Thread 4" [_thread_blocked, id=18424, stack(0x0000002647600000,0x0000002647700000)]
  0x0000021a46299060 JavaThread "jar transforms Thread 5" [_thread_blocked, id=16324, stack(0x0000002647700000,0x0000002647800000)]
  0x0000021a46299a80 JavaThread "jar transforms Thread 6" [_thread_blocked, id=9644, stack(0x0000002647800000,0x0000002647900000)]
  0x0000021a4629a9b0 JavaThread "Cache worker for checksums cache (D:\programacion\Menuu\.gradle\8.4\checksums)" [_thread_blocked, id=21816, stack(0x0000002647900000,0x0000002647a00000)]
  0x0000021a4629bdf0 JavaThread "Cache worker for file hash cache (D:\programacion\Menuu\.gradle\8.4\fileHashes)" [_thread_blocked, id=17884, stack(0x0000002647a00000,0x0000002647b00000)]
  0x0000021a4629d230 JavaThread "Cache worker for cache directory md-supplier (C:\Users\Nicolas\.gradle\caches\8.4\md-supplier)" [_thread_blocked, id=16940, stack(0x0000002647b00000,0x0000002647c00000)]
  0x0000021a4629cd20 JavaThread "Cache worker for file content cache (C:\Users\Nicolas\.gradle\caches\8.4\fileContent)" [_thread_blocked, id=14972, stack(0x0000002647c00000,0x0000002647d00000)]
  0x0000021a4629dc50 JavaThread "Cache worker for cache directory md-rule (C:\Users\Nicolas\.gradle\caches\8.4\md-rule)" [_thread_blocked, id=10396, stack(0x0000002647d00000,0x0000002647e00000)]
  0x0000021a4629c810 JavaThread "Cache worker for execution history cache (C:\Users\Nicolas\.gradle\caches\8.4\executionHistory)" [_thread_blocked, id=13640, stack(0x0000002647e00000,0x0000002647f00000)]
  0x0000021a4629d740 JavaThread "Cache worker for kotlin-dsl (C:\Users\Nicolas\.gradle\caches\8.4\kotlin-dsl)" [_thread_blocked, id=11248, stack(0x0000002647f00000,0x0000002648000000)]
  0x0000021a4629e160 JavaThread "Cache worker for dependencies-accessors (D:\programacion\Menuu\.gradle\8.4\dependencies-accessors)" [_thread_blocked, id=16520, stack(0x0000002648000000,0x0000002648100000)]
  0x0000021a462a09e0 JavaThread "Cache worker for Build Output Cleanup Cache (D:\programacion\Menuu\.gradle\buildOutputCleanup)" [_thread_blocked, id=21528, stack(0x0000002648100000,0x0000002648200000)]
  0x0000021a4629e670 JavaThread "Unconstrained build operations" [_thread_blocked, id=21544, stack(0x0000002646700000,0x0000002646800000)]
  0x0000021a4629aec0 JavaThread "Unconstrained build operations Thread 2" [_thread_blocked, id=6320, stack(0x0000002648200000,0x0000002648300000)]
  0x0000021a4629eb80 JavaThread "Unconstrained build operations Thread 3" [_thread_blocked, id=17588, stack(0x0000002648300000,0x0000002648400000)]
  0x0000021a4629f090 JavaThread "Unconstrained build operations Thread 4" [_thread_blocked, id=13564, stack(0x0000002648400000,0x0000002648500000)]
  0x0000021a48c6dc70 JavaThread "Unconstrained build operations Thread 5" [_thread_blocked, id=21096, stack(0x0000002648500000,0x0000002648600000)]
  0x0000021a46361030 JavaThread "C2 CompilerThread1" daemon [_thread_blocked, id=7828, stack(0x0000002648600000,0x0000002648700000)]

Other Threads:
  0x0000021a415ddd60 VMThread "VM Thread" [stack: 0x0000002645000000,0x0000002645100000] [id=19020]
  0x0000021a27b711e0 WatcherThread [stack: 0x0000002645c00000,0x0000002645d00000] [id=11268]
  0x0000021a27bc9ef0 GCTaskThread "GC Thread#0" [stack: 0x0000002644b00000,0x0000002644c00000] [id=10780]
  0x0000021a46d6d220 GCTaskThread "GC Thread#1" [stack: 0x0000002645e00000,0x0000002645f00000] [id=15192]
  0x0000021a46bebbe0 GCTaskThread "GC Thread#2" [stack: 0x0000002645f00000,0x0000002646000000] [id=6276]
  0x0000021a46bebea0 GCTaskThread "GC Thread#3" [stack: 0x0000002646000000,0x0000002646100000] [id=13584]
  0x0000021a46f6c410 GCTaskThread "GC Thread#4" [stack: 0x0000002646100000,0x0000002646200000] [id=772]
  0x0000021a462ec7b0 GCTaskThread "GC Thread#5" [stack: 0x0000002646200000,0x0000002646300000] [id=16636]
  0x0000021a27bdb4f0 ConcurrentGCThread "G1 Main Marker" [stack: 0x0000002644c00000,0x0000002644d00000] [id=14224]
  0x0000021a27bdce30 ConcurrentGCThread "G1 Conc#0" [stack: 0x0000002644d00000,0x0000002644e00000] [id=14460]
  0x0000021a487b0de0 ConcurrentGCThread "G1 Conc#1" [stack: 0x0000002646d00000,0x0000002646e00000] [id=7144]
  0x0000021a27c2ea90 ConcurrentGCThread "G1 Refine#0" [stack: 0x0000002644e00000,0x0000002644f00000] [id=6068]
  0x0000021a4959acf0 ConcurrentGCThread "G1 Refine#1" [stack: 0x0000002648700000,0x0000002648800000] [id=4140]
  0x0000021a4959b8b0 ConcurrentGCThread "G1 Refine#2" [stack: 0x0000002648800000,0x0000002648900000] [id=17572]
  0x0000021a49598f90 ConcurrentGCThread "G1 Refine#3" [stack: 0x0000002648900000,0x0000002648a00000] [id=1944]
  0x0000021a4959be90 ConcurrentGCThread "G1 Refine#4" [stack: 0x0000002648a00000,0x0000002648b00000] [id=19976]
  0x0000021a414626c0 ConcurrentGCThread "G1 Service" [stack: 0x0000002644f00000,0x0000002645000000] [id=9236]

Threads with active compile tasks:
C2 CompilerThread0    28463 9367   !   4       java.lang.ClassLoader::loadClass (121 bytes)

VM state: not at safepoint (normal execution)

VM Mutex/Monitor currently owned by a thread: None

Heap address: 0x0000000080000000, size: 2048 MB, Compressed Oops mode: 32-bit

CDS archive(s) not mapped
Compressed class space mapped at: 0x0000000100000000-0x0000000140000000, reserved size: 1073741824
Narrow klass base: 0x0000000000000000, Narrow klass shift: 3, Narrow klass range: 0x140000000

GC Precious Log:
 CPUs: 6 total, 6 available
 Memory: 16323M
 Large Page Support: Disabled
 NUMA Support: Disabled
 Compressed Oops: Enabled (32-bit)
 Heap Region Size: 1M
 Heap Min Capacity: 8M
 Heap Initial Capacity: 256M
 Heap Max Capacity: 2G
 Pre-touch: Disabled
 Parallel Workers: 6
 Concurrent Workers: 2
 Concurrent Refinement Workers: 6
 Periodic GC: Disabled

Heap:
 garbage-first heap   total 222208K, used 154747K [0x0000000080000000, 0x0000000100000000)
  region size 1024K, 26 young (26624K), 1 survivors (1024K)
 Metaspace       used 113062K, committed 113728K, reserved 1179648K
  class space    used 14924K, committed 15232K, reserved 1048576K

Heap Regions: E=young(eden), S=young(survivor), O=old, HS=humongous(starts), HC=humongous(continues), CS=collection set, F=free, OA=open archive, CA=closed archive, TAMS=top-at-mark-start (previous, next)
|   0|0x0000000080000000, 0x0000000080100000, 0x0000000080100000|100%|HS|  |TAMS 0x0000000080100000, 0x0000000080000000| Complete 
|   1|0x0000000080100000, 0x0000000080200000, 0x0000000080200000|100%|HC|  |TAMS 0x0000000080200000, 0x0000000080100000| Complete 
|   2|0x0000000080200000, 0x0000000080300000, 0x0000000080300000|100%|HC|  |TAMS 0x0000000080300000, 0x0000000080200000| Complete 
|   3|0x0000000080300000, 0x0000000080400000, 0x0000000080400000|100%|HC|  |TAMS 0x0000000080400000, 0x0000000080300000| Complete 
|   4|0x0000000080400000, 0x0000000080500000, 0x0000000080500000|100%| O|  |TAMS 0x0000000080500000, 0x0000000080400000| Untracked 
|   5|0x0000000080500000, 0x0000000080600000, 0x0000000080600000|100%| O|  |TAMS 0x0000000080600000, 0x0000000080500000| Untracked 
|   6|0x0000000080600000, 0x0000000080700000, 0x0000000080700000|100%| O|  |TAMS 0x0000000080700000, 0x0000000080600000| Untracked 
|   7|0x0000000080700000, 0x0000000080800000, 0x0000000080800000|100%| O|  |TAMS 0x0000000080800000, 0x0000000080700000| Untracked 
|   8|0x0000000080800000, 0x0000000080900000, 0x0000000080900000|100%| O|  |TAMS 0x0000000080900000, 0x0000000080800000| Untracked 
|   9|0x0000000080900000, 0x0000000080a00000, 0x0000000080a00000|100%| O|  |TAMS 0x0000000080a00000, 0x0000000080900000| Untracked 
|  10|0x0000000080a00000, 0x0000000080b00000, 0x0000000080b00000|100%| O|  |TAMS 0x0000000080b00000, 0x0000000080a00000| Untracked 
|  11|0x0000000080b00000, 0x0000000080c00000, 0x0000000080c00000|100%| O|  |TAMS 0x0000000080c00000, 0x0000000080b00000| Untracked 
|  12|0x0000000080c00000, 0x0000000080d00000, 0x0000000080d00000|100%|HS|  |TAMS 0x0000000080d00000, 0x0000000080c00000| Complete 
|  13|0x0000000080d00000, 0x0000000080e00000, 0x0000000080e00000|100%|HC|  |TAMS 0x0000000080e00000, 0x0000000080d00000| Complete 
|  14|0x0000000080e00000, 0x0000000080f00000, 0x0000000080f00000|100%|HS|  |TAMS 0x0000000080f00000, 0x0000000080e00000| Complete 
|  15|0x0000000080f00000, 0x0000000081000000, 0x0000000081000000|100%|HC|  |TAMS 0x0000000081000000, 0x0000000080f00000| Complete 
|  16|0x0000000081000000, 0x0000000081100000, 0x0000000081100000|100%|HC|  |TAMS 0x0000000081100000, 0x0000000081000000| Complete 
|  17|0x0000000081100000, 0x0000000081200000, 0x0000000081200000|100%|HS|  |TAMS 0x0000000081200000, 0x0000000081100000| Complete 
|  18|0x0000000081200000, 0x0000000081300000, 0x0000000081300000|100%|HC|  |TAMS 0x0000000081300000, 0x0000000081200000| Complete 
|  19|0x0000000081300000, 0x0000000081400000, 0x0000000081400000|100%|HC|  |TAMS 0x0000000081400000, 0x0000000081300000| Complete 
|  20|0x0000000081400000, 0x0000000081500000, 0x0000000081500000|100%|HS|  |TAMS 0x0000000081500000, 0x0000000081400000| Complete 
|  21|0x0000000081500000, 0x0000000081600000, 0x0000000081600000|100%|HC|  |TAMS 0x0000000081600000, 0x0000000081500000| Complete 
|  22|0x0000000081600000, 0x0000000081700000, 0x0000000081700000|100%|HC|  |TAMS 0x0000000081700000, 0x0000000081600000| Complete 
|  23|0x0000000081700000, 0x0000000081800000, 0x0000000081800000|100%| O|  |TAMS 0x0000000081800000, 0x0000000081700000| Untracked 
|  24|0x0000000081800000, 0x0000000081900000, 0x0000000081900000|100%| O|  |TAMS 0x0000000081900000, 0x0000000081800000| Untracked 
|  25|0x0000000081900000, 0x0000000081a00000, 0x0000000081a00000|100%| O|  |TAMS 0x0000000081a00000, 0x0000000081900000| Untracked 
|  26|0x0000000081a00000, 0x0000000081b00000, 0x0000000081b00000|100%| O|  |TAMS 0x0000000081b00000, 0x0000000081a00000| Untracked 
|  27|0x0000000081b00000, 0x0000000081c00000, 0x0000000081c00000|100%| O|  |TAMS 0x0000000081c00000, 0x0000000081b00000| Untracked 
|  28|0x0000000081c00000, 0x0000000081d00000, 0x0000000081d00000|100%| O|  |TAMS 0x0000000081d00000, 0x0000000081c00000| Untracked 
|  29|0x0000000081d00000, 0x0000000081e00000, 0x0000000081e00000|100%| O|  |TAMS 0x0000000081e00000, 0x0000000081d00000| Untracked 
|  30|0x0000000081e00000, 0x0000000081f00000, 0x0000000081f00000|100%| O|  |TAMS 0x0000000081f00000, 0x0000000081e00000| Untracked 
|  31|0x0000000081f00000, 0x0000000082000000, 0x0000000082000000|100%| O|  |TAMS 0x0000000082000000, 0x0000000081f00000| Untracked 
|  32|0x0000000082000000, 0x0000000082100000, 0x0000000082100000|100%| O|  |TAMS 0x0000000082100000, 0x0000000082000000| Untracked 
|  33|0x0000000082100000, 0x0000000082200000, 0x0000000082200000|100%| O|  |TAMS 0x0000000082100000, 0x0000000082100000| Untracked 
|  34|0x0000000082200000, 0x0000000082300000, 0x0000000082300000|100%| O|  |TAMS 0x0000000082300000, 0x0000000082200000| Untracked 
|  35|0x0000000082300000, 0x0000000082400000, 0x0000000082400000|100%| O|  |TAMS 0x0000000082400000, 0x0000000082300000| Untracked 
|  36|0x0000000082400000, 0x0000000082500000, 0x0000000082500000|100%| O|  |TAMS 0x0000000082500000, 0x0000000082400000| Untracked 
|  37|0x0000000082500000, 0x0000000082600000, 0x0000000082600000|100%| O|  |TAMS 0x0000000082600000, 0x0000000082500000| Untracked 
|  38|0x0000000082600000, 0x0000000082700000, 0x0000000082700000|100%| O|  |TAMS 0x0000000082700000, 0x0000000082600000| Untracked 
|  39|0x0000000082700000, 0x0000000082800000, 0x0000000082800000|100%| O|  |TAMS 0x0000000082800000, 0x0000000082700000| Untracked 
|  40|0x0000000082800000, 0x0000000082900000, 0x0000000082900000|100%| O|  |TAMS 0x0000000082900000, 0x0000000082800000| Untracked 
|  41|0x0000000082900000, 0x0000000082a00000, 0x0000000082a00000|100%| O|  |TAMS 0x0000000082a00000, 0x0000000082900000| Untracked 
|  42|0x0000000082a00000, 0x0000000082b00000, 0x0000000082b00000|100%| O|  |TAMS 0x0000000082b00000, 0x0000000082a00000| Untracked 
|  43|0x0000000082b00000, 0x0000000082c00000, 0x0000000082c00000|100%| O|  |TAMS 0x0000000082c00000, 0x0000000082b00000| Untracked 
|  44|0x0000000082c00000, 0x0000000082d00000, 0x0000000082d00000|100%| O|  |TAMS 0x0000000082d00000, 0x0000000082c00000| Untracked 
|  45|0x0000000082d00000, 0x0000000082e00000, 0x0000000082e00000|100%|HS|  |TAMS 0x0000000082e00000, 0x0000000082d00000| Complete 
|  46|0x0000000082e00000, 0x0000000082f00000, 0x0000000082f00000|100%|HC|  |TAMS 0x0000000082f00000, 0x0000000082e00000| Complete 
|  47|0x0000000082f00000, 0x0000000083000000, 0x0000000083000000|100%|HC|  |TAMS 0x0000000083000000, 0x0000000082f00000| Complete 
|  48|0x0000000083000000, 0x0000000083100000, 0x0000000083100000|100%| O|  |TAMS 0x0000000083100000, 0x0000000083000000| Untracked 
|  49|0x0000000083100000, 0x0000000083200000, 0x0000000083200000|100%| O|  |TAMS 0x0000000083200000, 0x0000000083100000| Untracked 
|  50|0x0000000083200000, 0x0000000083300000, 0x0000000083300000|100%| O|  |TAMS 0x0000000083300000, 0x0000000083200000| Untracked 
|  51|0x0000000083300000, 0x0000000083400000, 0x0000000083400000|100%| O|  |TAMS 0x0000000083400000, 0x0000000083300000| Untracked 
|  52|0x0000000083400000, 0x0000000083500000, 0x0000000083500000|100%| O|  |TAMS 0x0000000083500000, 0x0000000083400000| Untracked 
|  53|0x0000000083500000, 0x0000000083600000, 0x0000000083600000|100%| O|  |TAMS 0x0000000083600000, 0x0000000083500000| Untracked 
|  54|0x0000000083600000, 0x0000000083700000, 0x0000000083700000|100%| O|  |TAMS 0x0000000083700000, 0x0000000083600000| Untracked 
|  55|0x0000000083700000, 0x0000000083800000, 0x0000000083800000|100%| O|  |TAMS 0x0000000083800000, 0x0000000083700000| Untracked 
|  56|0x0000000083800000, 0x0000000083900000, 0x0000000083900000|100%| O|  |TAMS 0x0000000083900000, 0x0000000083800000| Untracked 
|  57|0x0000000083900000, 0x0000000083a00000, 0x0000000083a00000|100%| O|  |TAMS 0x0000000083a00000, 0x0000000083900000| Untracked 
|  58|0x0000000083a00000, 0x0000000083b00000, 0x0000000083b00000|100%| O|  |TAMS 0x0000000083b00000, 0x0000000083a00000| Untracked 
|  59|0x0000000083b00000, 0x0000000083c00000, 0x0000000083c00000|100%| O|  |TAMS 0x0000000083c00000, 0x0000000083b00000| Untracked 
|  60|0x0000000083c00000, 0x0000000083d00000, 0x0000000083d00000|100%| O|  |TAMS 0x0000000083d00000, 0x0000000083c00000| Untracked 
|  61|0x0000000083d00000, 0x0000000083e00000, 0x0000000083e00000|100%| O|  |TAMS 0x0000000083e00000, 0x0000000083d00000| Untracked 
|  62|0x0000000083e00000, 0x0000000083f00000, 0x0000000083f00000|100%| O|  |TAMS 0x0000000083f00000, 0x0000000083e00000| Untracked 
|  63|0x0000000083f00000, 0x0000000084000000, 0x0000000084000000|100%| O|  |TAMS 0x0000000084000000, 0x0000000083f00000| Untracked 
|  64|0x0000000084000000, 0x0000000084100000, 0x0000000084100000|100%| O|  |TAMS 0x0000000084100000, 0x0000000084000000| Untracked 
|  65|0x0000000084100000, 0x0000000084200000, 0x0000000084200000|100%| O|  |TAMS 0x0000000084200000, 0x0000000084100000| Untracked 
|  66|0x0000000084200000, 0x0000000084300000, 0x0000000084300000|100%| O|  |TAMS 0x0000000084300000, 0x0000000084200000| Untracked 
|  67|0x0000000084300000, 0x0000000084400000, 0x0000000084400000|100%| O|  |TAMS 0x0000000084400000, 0x0000000084300000| Untracked 
|  68|0x0000000084400000, 0x0000000084500000, 0x0000000084500000|100%| O|  |TAMS 0x0000000084500000, 0x0000000084400000| Untracked 
|  69|0x0000000084500000, 0x0000000084600000, 0x0000000084600000|100%| O|  |TAMS 0x0000000084600000, 0x0000000084500000| Untracked 
|  70|0x0000000084600000, 0x0000000084700000, 0x0000000084700000|100%| O|  |TAMS 0x0000000084700000, 0x0000000084600000| Untracked 
|  71|0x0000000084700000, 0x0000000084800000, 0x0000000084800000|100%| O|  |TAMS 0x0000000084800000, 0x0000000084700000| Untracked 
|  72|0x0000000084800000, 0x0000000084900000, 0x0000000084900000|100%| O|  |TAMS 0x0000000084900000, 0x0000000084800000| Untracked 
|  73|0x0000000084900000, 0x0000000084a00000, 0x0000000084a00000|100%| O|  |TAMS 0x0000000084a00000, 0x0000000084900000| Untracked 
|  74|0x0000000084a00000, 0x0000000084b00000, 0x0000000084b00000|100%| O|  |TAMS 0x0000000084b00000, 0x0000000084a00000| Untracked 
|  75|0x0000000084b00000, 0x0000000084c00000, 0x0000000084c00000|100%| O|  |TAMS 0x0000000084c00000, 0x0000000084b00000| Untracked 
|  76|0x0000000084c00000, 0x0000000084d00000, 0x0000000084d00000|100%| O|  |TAMS 0x0000000084d00000, 0x0000000084c00000| Untracked 
|  77|0x0000000084d00000, 0x0000000084e00000, 0x0000000084e00000|100%| O|  |TAMS 0x0000000084e00000, 0x0000000084d00000| Untracked 
|  78|0x0000000084e00000, 0x0000000084f00000, 0x0000000084f00000|100%| O|  |TAMS 0x0000000084f00000, 0x0000000084e00000| Untracked 
|  79|0x0000000084f00000, 0x0000000085000000, 0x0000000085000000|100%| O|  |TAMS 0x0000000085000000, 0x0000000084f00000| Untracked 
|  80|0x0000000085000000, 0x0000000085100000, 0x0000000085100000|100%| O|  |TAMS 0x0000000085100000, 0x0000000085000000| Untracked 
|  81|0x0000000085100000, 0x0000000085200000, 0x0000000085200000|100%| O|  |TAMS 0x0000000085200000, 0x0000000085100000| Untracked 
|  82|0x0000000085200000, 0x0000000085300000, 0x0000000085300000|100%| O|  |TAMS 0x0000000085300000, 0x0000000085200000| Untracked 
|  83|0x0000000085300000, 0x0000000085400000, 0x0000000085400000|100%| O|  |TAMS 0x0000000085400000, 0x0000000085300000| Untracked 
|  84|0x0000000085400000, 0x0000000085500000, 0x0000000085500000|100%| O|  |TAMS 0x0000000085500000, 0x0000000085400000| Untracked 
|  85|0x0000000085500000, 0x0000000085600000, 0x0000000085600000|100%| O|  |TAMS 0x0000000085600000, 0x0000000085500000| Untracked 
|  86|0x0000000085600000, 0x0000000085700000, 0x0000000085700000|100%| O|  |TAMS 0x0000000085700000, 0x0000000085600000| Untracked 
|  87|0x0000000085700000, 0x0000000085800000, 0x0000000085800000|100%| O|  |TAMS 0x0000000085800000, 0x0000000085700000| Untracked 
|  88|0x0000000085800000, 0x0000000085900000, 0x0000000085900000|100%| O|  |TAMS 0x0000000085900000, 0x0000000085800000| Untracked 
|  89|0x0000000085900000, 0x0000000085900000, 0x0000000085a00000|  0%| F|  |TAMS 0x0000000085900000, 0x0000000085900000| Untracked 
|  90|0x0000000085a00000, 0x0000000085b00000, 0x0000000085b00000|100%| O|  |TAMS 0x0000000085b00000, 0x0000000085a00000| Untracked 
|  91|0x0000000085b00000, 0x0000000085c00000, 0x0000000085c00000|100%| O|  |TAMS 0x0000000085c00000, 0x0000000085b00000| Untracked 
|  92|0x0000000085c00000, 0x0000000085d00000, 0x0000000085d00000|100%|HS|  |TAMS 0x0000000085d00000, 0x0000000085c00000| Complete 
|  93|0x0000000085d00000, 0x0000000085e00000, 0x0000000085e00000|100%|HC|  |TAMS 0x0000000085e00000, 0x0000000085d00000| Complete 
|  94|0x0000000085e00000, 0x0000000085f00000, 0x0000000085f00000|100%|HC|  |TAMS 0x0000000085f00000, 0x0000000085e00000| Complete 
|  95|0x0000000085f00000, 0x0000000086000000, 0x0000000086000000|100%|HC|  |TAMS 0x0000000086000000, 0x0000000085f00000| Complete 
|  96|0x0000000086000000, 0x0000000086100000, 0x0000000086100000|100%|HC|  |TAMS 0x0000000086100000, 0x0000000086000000| Complete 
|  97|0x0000000086100000, 0x0000000086200000, 0x0000000086200000|100%|HC|  |TAMS 0x0000000086200000, 0x0000000086100000| Complete 
|  98|0x0000000086200000, 0x0000000086300000, 0x0000000086300000|100%|HS|  |TAMS 0x0000000086300000, 0x0000000086200000| Complete 
|  99|0x0000000086300000, 0x0000000086400000, 0x0000000086400000|100%|HS|  |TAMS 0x0000000086400000, 0x0000000086300000| Complete 
| 100|0x0000000086400000, 0x0000000086500000, 0x0000000086500000|100%|HS|  |TAMS 0x0000000086500000, 0x0000000086400000| Complete 
| 101|0x0000000086500000, 0x0000000086600000, 0x0000000086600000|100%|HS|  |TAMS 0x0000000086600000, 0x0000000086500000| Complete 
| 102|0x0000000086600000, 0x0000000086700000, 0x0000000086700000|100%|HC|  |TAMS 0x0000000086700000, 0x0000000086600000| Complete 
| 103|0x0000000086700000, 0x0000000086800000, 0x0000000086800000|100%|HS|  |TAMS 0x0000000086800000, 0x0000000086700000| Complete 
| 104|0x0000000086800000, 0x0000000086900000, 0x0000000086900000|100%|HS|  |TAMS 0x0000000086900000, 0x0000000086800000| Complete 
| 105|0x0000000086900000, 0x0000000086a00000, 0x0000000086a00000|100%|HC|  |TAMS 0x0000000086a00000, 0x0000000086900000| Complete 
| 106|0x0000000086a00000, 0x0000000086b00000, 0x0000000086b00000|100%|HC|  |TAMS 0x0000000086b00000, 0x0000000086a00000| Complete 
| 107|0x0000000086b00000, 0x0000000086c00000, 0x0000000086c00000|100%|HC|  |TAMS 0x0000000086c00000, 0x0000000086b00000| Complete 
| 108|0x0000000086c00000, 0x0000000086d00000, 0x0000000086d00000|100%| O|  |TAMS 0x0000000086d00000, 0x0000000086c00000| Untracked 
| 109|0x0000000086d00000, 0x0000000086e00000, 0x0000000086e00000|100%| O|  |TAMS 0x0000000086e00000, 0x0000000086d00000| Untracked 
| 110|0x0000000086e00000, 0x0000000086f00000, 0x0000000086f00000|100%| O|  |TAMS 0x0000000086f00000, 0x0000000086e00000| Untracked 
| 111|0x0000000086f00000, 0x0000000087000000, 0x0000000087000000|100%| O|  |TAMS 0x0000000087000000, 0x0000000086f00000| Untracked 
| 112|0x0000000087000000, 0x0000000087100000, 0x0000000087100000|100%| O|  |TAMS 0x0000000087100000, 0x0000000087000000| Untracked 
| 113|0x0000000087100000, 0x0000000087200000, 0x0000000087200000|100%| O|  |TAMS 0x0000000087200000, 0x0000000087100000| Untracked 
| 114|0x0000000087200000, 0x0000000087300000, 0x0000000087300000|100%| O|  |TAMS 0x0000000087300000, 0x0000000087200000| Untracked 
| 115|0x0000000087300000, 0x0000000087400000, 0x0000000087400000|100%| O|  |TAMS 0x0000000087400000, 0x0000000087300000| Untracked 
| 116|0x0000000087400000, 0x00000000874ffff8, 0x0000000087500000| 99%| O|  |TAMS 0x00000000874ffff8, 0x0000000087400000| Untracked 
| 117|0x0000000087500000, 0x0000000087600000, 0x0000000087600000|100%| O|  |TAMS 0x0000000087600000, 0x0000000087500000| Untracked 
| 118|0x0000000087600000, 0x0000000087700000, 0x0000000087700000|100%| O|  |TAMS 0x0000000087700000, 0x0000000087600000| Untracked 
| 119|0x0000000087700000, 0x0000000087800000, 0x0000000087800000|100%| O|  |TAMS 0x0000000087800000, 0x0000000087700000| Untracked 
| 120|0x0000000087800000, 0x0000000087900000, 0x0000000087900000|100%| O|  |TAMS 0x0000000087900000, 0x0000000087800000| Untracked 
| 121|0x0000000087900000, 0x0000000087a00000, 0x0000000087a00000|100%| O|  |TAMS 0x0000000087a00000, 0x0000000087900000| Untracked 
| 122|0x0000000087a00000, 0x0000000087b00000, 0x0000000087b00000|100%| O|  |TAMS 0x0000000087a47800, 0x0000000087a00000| Untracked 
| 123|0x0000000087b00000, 0x0000000087c00000, 0x0000000087c00000|100%| O|  |TAMS 0x0000000087b00000, 0x0000000087b00000| Untracked 
| 124|0x0000000087c00000, 0x0000000087d00000, 0x0000000087d00000|100%| O|  |TAMS 0x0000000087c00000, 0x0000000087c00000| Untracked 
| 125|0x0000000087d00000, 0x0000000087e00000, 0x0000000087e00000|100%| O|  |TAMS 0x0000000087d00000, 0x0000000087d00000| Untracked 
| 126|0x0000000087e00000, 0x0000000087f00000, 0x0000000087f00000|100%| O|  |TAMS 0x0000000087e00000, 0x0000000087e00000| Untracked 
| 127|0x0000000087f00000, 0x0000000087f37600, 0x0000000088000000| 21%| O|  |TAMS 0x0000000087f00000, 0x0000000087f00000| Untracked 
| 128|0x0000000088000000, 0x0000000088000000, 0x0000000088100000|  0%| F|  |TAMS 0x0000000088000000, 0x0000000088000000| Untracked 
| 129|0x0000000088100000, 0x0000000088100000, 0x0000000088200000|  0%| F|  |TAMS 0x0000000088100000, 0x0000000088100000| Untracked 
| 130|0x0000000088200000, 0x0000000088200000, 0x0000000088300000|  0%| F|  |TAMS 0x0000000088200000, 0x0000000088200000| Untracked 
| 131|0x0000000088300000, 0x0000000088300000, 0x0000000088400000|  0%| F|  |TAMS 0x0000000088300000, 0x0000000088300000| Untracked 
| 132|0x0000000088400000, 0x0000000088400000, 0x0000000088500000|  0%| F|  |TAMS 0x0000000088400000, 0x0000000088400000| Untracked 
| 133|0x0000000088500000, 0x0000000088500000, 0x0000000088600000|  0%| F|  |TAMS 0x0000000088500000, 0x0000000088500000| Untracked 
| 134|0x0000000088600000, 0x0000000088600000, 0x0000000088700000|  0%| F|  |TAMS 0x0000000088600000, 0x0000000088600000| Untracked 
| 135|0x0000000088700000, 0x0000000088700000, 0x0000000088800000|  0%| F|  |TAMS 0x0000000088700000, 0x0000000088700000| Untracked 
| 136|0x0000000088800000, 0x0000000088800000, 0x0000000088900000|  0%| F|  |TAMS 0x0000000088800000, 0x0000000088800000| Untracked 
| 137|0x0000000088900000, 0x0000000088900000, 0x0000000088a00000|  0%| F|  |TAMS 0x0000000088900000, 0x0000000088900000| Untracked 
| 138|0x0000000088a00000, 0x0000000088a00000, 0x0000000088b00000|  0%| F|  |TAMS 0x0000000088a00000, 0x0000000088a00000| Untracked 
| 139|0x0000000088b00000, 0x0000000088b00000, 0x0000000088c00000|  0%| F|  |TAMS 0x0000000088b00000, 0x0000000088b00000| Untracked 
| 140|0x0000000088c00000, 0x0000000088c00000, 0x0000000088d00000|  0%| F|  |TAMS 0x0000000088c00000, 0x0000000088c00000| Untracked 
| 141|0x0000000088d00000, 0x0000000088d00000, 0x0000000088e00000|  0%| F|  |TAMS 0x0000000088d00000, 0x0000000088d00000| Untracked 
| 142|0x0000000088e00000, 0x0000000088e00000, 0x0000000088f00000|  0%| F|  |TAMS 0x0000000088e00000, 0x0000000088e00000| Untracked 
| 143|0x0000000088f00000, 0x0000000088f00000, 0x0000000089000000|  0%| F|  |TAMS 0x0000000088f00000, 0x0000000088f00000| Untracked 
| 144|0x0000000089000000, 0x0000000089000000, 0x0000000089100000|  0%| F|  |TAMS 0x0000000089000000, 0x0000000089000000| Untracked 
| 145|0x0000000089100000, 0x0000000089100000, 0x0000000089200000|  0%| F|  |TAMS 0x0000000089100000, 0x0000000089100000| Untracked 
| 146|0x0000000089200000, 0x0000000089200000, 0x0000000089300000|  0%| F|  |TAMS 0x0000000089200000, 0x0000000089200000| Untracked 
| 147|0x0000000089300000, 0x0000000089300000, 0x0000000089400000|  0%| F|  |TAMS 0x0000000089300000, 0x0000000089300000| Untracked 
| 148|0x0000000089400000, 0x0000000089400000, 0x0000000089500000|  0%| F|  |TAMS 0x0000000089400000, 0x0000000089400000| Untracked 
| 149|0x0000000089500000, 0x0000000089500000, 0x0000000089600000|  0%| F|  |TAMS 0x0000000089500000, 0x0000000089500000| Untracked 
| 150|0x0000000089600000, 0x0000000089600000, 0x0000000089700000|  0%| F|  |TAMS 0x0000000089600000, 0x0000000089600000| Untracked 
| 151|0x0000000089700000, 0x0000000089700000, 0x0000000089800000|  0%| F|  |TAMS 0x0000000089700000, 0x0000000089700000| Untracked 
| 152|0x0000000089800000, 0x0000000089800000, 0x0000000089900000|  0%| F|  |TAMS 0x0000000089800000, 0x0000000089800000| Untracked 
| 153|0x0000000089900000, 0x0000000089900000, 0x0000000089a00000|  0%| F|  |TAMS 0x0000000089900000, 0x0000000089900000| Untracked 
| 154|0x0000000089a00000, 0x0000000089a00000, 0x0000000089b00000|  0%| F|  |TAMS 0x0000000089a00000, 0x0000000089a00000| Untracked 
| 155|0x0000000089b00000, 0x0000000089b00000, 0x0000000089c00000|  0%| F|  |TAMS 0x0000000089b00000, 0x0000000089b00000| Untracked 
| 156|0x0000000089c00000, 0x0000000089c00000, 0x0000000089d00000|  0%| F|  |TAMS 0x0000000089c00000, 0x0000000089c00000| Untracked 
| 157|0x0000000089d00000, 0x0000000089d00000, 0x0000000089e00000|  0%| F|  |TAMS 0x0000000089d00000, 0x0000000089d00000| Untracked 
| 158|0x0000000089e00000, 0x0000000089e00000, 0x0000000089f00000|  0%| F|  |TAMS 0x0000000089e00000, 0x0000000089e00000| Untracked 
| 159|0x0000000089f00000, 0x0000000089f00000, 0x000000008a000000|  0%| F|  |TAMS 0x0000000089f00000, 0x0000000089f00000| Untracked 
| 160|0x000000008a000000, 0x000000008a000000, 0x000000008a100000|  0%| F|  |TAMS 0x000000008a000000, 0x000000008a000000| Untracked 
| 161|0x000000008a100000, 0x000000008a100000, 0x000000008a200000|  0%| F|  |TAMS 0x000000008a100000, 0x000000008a100000| Untracked 
| 162|0x000000008a200000, 0x000000008a200000, 0x000000008a300000|  0%| F|  |TAMS 0x000000008a200000, 0x000000008a200000| Untracked 
| 163|0x000000008a300000, 0x000000008a300000, 0x000000008a400000|  0%| F|  |TAMS 0x000000008a300000, 0x000000008a300000| Untracked 
| 164|0x000000008a400000, 0x000000008a400000, 0x000000008a500000|  0%| F|  |TAMS 0x000000008a400000, 0x000000008a400000| Untracked 
| 165|0x000000008a500000, 0x000000008a500000, 0x000000008a600000|  0%| F|  |TAMS 0x000000008a500000, 0x000000008a500000| Untracked 
| 166|0x000000008a600000, 0x000000008a600000, 0x000000008a700000|  0%| F|  |TAMS 0x000000008a600000, 0x000000008a600000| Untracked 
| 167|0x000000008a700000, 0x000000008a700000, 0x000000008a800000|  0%| F|  |TAMS 0x000000008a700000, 0x000000008a700000| Untracked 
| 168|0x000000008a800000, 0x000000008a800000, 0x000000008a900000|  0%| F|  |TAMS 0x000000008a800000, 0x000000008a800000| Untracked 
| 169|0x000000008a900000, 0x000000008a900000, 0x000000008aa00000|  0%| F|  |TAMS 0x000000008a900000, 0x000000008a900000| Untracked 
| 170|0x000000008aa00000, 0x000000008aa00000, 0x000000008ab00000|  0%| F|  |TAMS 0x000000008aa00000, 0x000000008aa00000| Untracked 
| 171|0x000000008ab00000, 0x000000008ab00000, 0x000000008ac00000|  0%| F|  |TAMS 0x000000008ab00000, 0x000000008ab00000| Untracked 
| 172|0x000000008ac00000, 0x000000008ac00000, 0x000000008ad00000|  0%| F|  |TAMS 0x000000008ac00000, 0x000000008ac00000| Untracked 
| 173|0x000000008ad00000, 0x000000008ad00000, 0x000000008ae00000|  0%| F|  |TAMS 0x000000008ad00000, 0x000000008ad00000| Untracked 
| 174|0x000000008ae00000, 0x000000008ae00000, 0x000000008af00000|  0%| F|  |TAMS 0x000000008ae00000, 0x000000008ae00000| Untracked 
| 175|0x000000008af00000, 0x000000008af00000, 0x000000008b000000|  0%| F|  |TAMS 0x000000008af00000, 0x000000008af00000| Untracked 
| 176|0x000000008b000000, 0x000000008b000000, 0x000000008b100000|  0%| F|  |TAMS 0x000000008b000000, 0x000000008b000000| Untracked 
| 177|0x000000008b100000, 0x000000008b100000, 0x000000008b200000|  0%| F|  |TAMS 0x000000008b100000, 0x000000008b100000| Untracked 
| 178|0x000000008b200000, 0x000000008b200000, 0x000000008b300000|  0%| F|  |TAMS 0x000000008b200000, 0x000000008b200000| Untracked 
| 179|0x000000008b300000, 0x000000008b300000, 0x000000008b400000|  0%| F|  |TAMS 0x000000008b300000, 0x000000008b300000| Untracked 
| 180|0x000000008b400000, 0x000000008b400000, 0x000000008b500000|  0%| F|  |TAMS 0x000000008b400000, 0x000000008b400000| Untracked 
| 181|0x000000008b500000, 0x000000008b500000, 0x000000008b600000|  0%| F|  |TAMS 0x000000008b500000, 0x000000008b500000| Untracked 
| 182|0x000000008b600000, 0x000000008b600000, 0x000000008b700000|  0%| F|  |TAMS 0x000000008b600000, 0x000000008b600000| Untracked 
| 183|0x000000008b700000, 0x000000008b700000, 0x000000008b800000|  0%| F|  |TAMS 0x000000008b700000, 0x000000008b700000| Untracked 
| 184|0x000000008b800000, 0x000000008b800000, 0x000000008b900000|  0%| F|  |TAMS 0x000000008b800000, 0x000000008b800000| Untracked 
| 185|0x000000008b900000, 0x000000008b900000, 0x000000008ba00000|  0%| F|  |TAMS 0x000000008b900000, 0x000000008b900000| Untracked 
| 186|0x000000008ba00000, 0x000000008ba00000, 0x000000008bb00000|  0%| F|  |TAMS 0x000000008ba00000, 0x000000008ba00000| Untracked 
| 187|0x000000008bb00000, 0x000000008bb00000, 0x000000008bc00000|  0%| F|  |TAMS 0x000000008bb00000, 0x000000008bb00000| Untracked 
| 188|0x000000008bc00000, 0x000000008bc00000, 0x000000008bd00000|  0%| F|  |TAMS 0x000000008bc00000, 0x000000008bc00000| Untracked 
| 189|0x000000008bd00000, 0x000000008bd00000, 0x000000008be00000|  0%| F|  |TAMS 0x000000008bd00000, 0x000000008bd00000| Untracked 
| 190|0x000000008be00000, 0x000000008be85ae8, 0x000000008bf00000| 52%| E|  |TAMS 0x000000008be00000, 0x000000008be00000| Complete 
| 191|0x000000008bf00000, 0x000000008c000000, 0x000000008c000000|100%| E|CS|TAMS 0x000000008bf00000, 0x000000008bf00000| Complete 
| 192|0x000000008c000000, 0x000000008c100000, 0x000000008c100000|100%| E|CS|TAMS 0x000000008c000000, 0x000000008c000000| Complete 
| 193|0x000000008c100000, 0x000000008c200000, 0x000000008c200000|100%| E|CS|TAMS 0x000000008c100000, 0x000000008c100000| Complete 
| 194|0x000000008c200000, 0x000000008c300000, 0x000000008c300000|100%| E|CS|TAMS 0x000000008c200000, 0x000000008c200000| Complete 
| 195|0x000000008c300000, 0x000000008c400000, 0x000000008c400000|100%| E|CS|TAMS 0x000000008c300000, 0x000000008c300000| Complete 
| 196|0x000000008c400000, 0x000000008c500000, 0x000000008c500000|100%| E|CS|TAMS 0x000000008c400000, 0x000000008c400000| Complete 
| 197|0x000000008c500000, 0x000000008c600000, 0x000000008c600000|100%| E|CS|TAMS 0x000000008c500000, 0x000000008c500000| Complete 
| 198|0x000000008c600000, 0x000000008c700000, 0x000000008c700000|100%| E|CS|TAMS 0x000000008c600000, 0x000000008c600000| Complete 
| 199|0x000000008c700000, 0x000000008c800000, 0x000000008c800000|100%| E|CS|TAMS 0x000000008c700000, 0x000000008c700000| Complete 
| 200|0x000000008c800000, 0x000000008c900000, 0x000000008c900000|100%| E|CS|TAMS 0x000000008c800000, 0x000000008c800000| Complete 
| 201|0x000000008c900000, 0x000000008ca00000, 0x000000008ca00000|100%| E|CS|TAMS 0x000000008c900000, 0x000000008c900000| Complete 
| 202|0x000000008ca00000, 0x000000008cb00000, 0x000000008cb00000|100%| E|CS|TAMS 0x000000008ca00000, 0x000000008ca00000| Complete 
| 203|0x000000008cb00000, 0x000000008cc00000, 0x000000008cc00000|100%| E|CS|TAMS 0x000000008cb00000, 0x000000008cb00000| Complete 
| 204|0x000000008cc00000, 0x000000008cd00000, 0x000000008cd00000|100%| E|CS|TAMS 0x000000008cc00000, 0x000000008cc00000| Complete 
| 205|0x000000008cd00000, 0x000000008ce00000, 0x000000008ce00000|100%| E|CS|TAMS 0x000000008cd00000, 0x000000008cd00000| Complete 
| 206|0x000000008ce00000, 0x000000008cf00000, 0x000000008cf00000|100%| E|CS|TAMS 0x000000008ce00000, 0x000000008ce00000| Complete 
| 207|0x000000008cf00000, 0x000000008d000000, 0x000000008d000000|100%| E|CS|TAMS 0x000000008cf00000, 0x000000008cf00000| Complete 
| 208|0x000000008d000000, 0x000000008d100000, 0x000000008d100000|100%| E|CS|TAMS 0x000000008d000000, 0x000000008d000000| Complete 
| 209|0x000000008d100000, 0x000000008d200000, 0x000000008d200000|100%| E|CS|TAMS 0x000000008d100000, 0x000000008d100000| Complete 
| 210|0x000000008d200000, 0x000000008d300000, 0x000000008d300000|100%| E|CS|TAMS 0x000000008d200000, 0x000000008d200000| Complete 
| 211|0x000000008d300000, 0x000000008d400000, 0x000000008d400000|100%| E|CS|TAMS 0x000000008d300000, 0x000000008d300000| Complete 
| 212|0x000000008d400000, 0x000000008d4e7810, 0x000000008d500000| 90%| S|CS|TAMS 0x000000008d400000, 0x000000008d400000| Complete 
| 213|0x000000008d500000, 0x000000008d600000, 0x000000008d600000|100%| E|CS|TAMS 0x000000008d500000, 0x000000008d500000| Complete 
| 214|0x000000008d600000, 0x000000008d700000, 0x000000008d700000|100%| E|CS|TAMS 0x000000008d600000, 0x000000008d600000| Complete 
| 215|0x000000008d700000, 0x000000008d800000, 0x000000008d800000|100%| E|CS|TAMS 0x000000008d700000, 0x000000008d700000| Complete 
| 255|0x000000008ff00000, 0x0000000090000000, 0x0000000090000000|100%| E|CS|TAMS 0x000000008ff00000, 0x000000008ff00000| Complete 

Card table byte_map: [0x0000021a3a560000,0x0000021a3a960000] _byte_map_base: 0x0000021a3a160000

Marking Bits (Prev, Next): (CMBitMap*) 0x0000021a27bca420, (CMBitMap*) 0x0000021a27bca460
 Prev Bits: [0x0000021a3ad60000, 0x0000021a3cd60000)
 Next Bits: [0x0000021a3cd60000, 0x0000021a3ed60000)

Polling page: 0x0000021a27330000

Metaspace:

Usage:
  Non-class:     95.93 MB used.
      Class:     14.58 MB used.
       Both:    110.51 MB used.

Virtual space:
  Non-class space:      128.00 MB reserved,      96.31 MB ( 75%) committed,  2 nodes.
      Class space:        1.00 GB reserved,      14.88 MB (  1%) committed,  1 nodes.
             Both:        1.12 GB reserved,     111.19 MB ( 10%) committed. 

Chunk freelists:
   Non-Class:  15.73 MB
       Class:  1.16 MB
        Both:  16.89 MB

MaxMetaspaceSize: unlimited
CompressedClassSpaceSize: 1.00 GB
Initial GC threshold: 21.00 MB
Current GC threshold: 169.62 MB
CDS: off
MetaspaceReclaimPolicy: balanced
 - commit_granule_bytes: 65536.
 - commit_granule_words: 8192.
 - virtual_space_node_default_size: 8388608.
 - enlarge_chunks_in_place: 1.
 - new_chunks_are_fully_committed: 0.
 - uncommit_free_chunks: 1.
 - use_allocation_guard: 0.
 - handle_deallocations: 1.


Internal statistics:

num_allocs_failed_limit: 3.
num_arena_births: 838.
num_arena_deaths: 0.
num_vsnodes_births: 3.
num_vsnodes_deaths: 0.
num_space_committed: 1777.
num_space_uncommitted: 0.
num_chunks_returned_to_freelist: 3.
num_chunks_taken_from_freelist: 4658.
num_chunk_merges: 3.
num_chunk_splits: 3541.
num_chunks_enlarged: 2838.
num_inconsistent_stats: 0.

CodeHeap 'non-profiled nmethods': size=120000Kb used=4181Kb max_used=5039Kb free=115818Kb
 bounds [0x0000021a32b20000, 0x0000021a33010000, 0x0000021a3a050000]
CodeHeap 'profiled nmethods': size=120000Kb used=15282Kb max_used=17086Kb free=104718Kb
 bounds [0x0000021a2b050000, 0x0000021a2c110000, 0x0000021a32580000]
CodeHeap 'non-nmethods': size=5760Kb used=2488Kb max_used=2542Kb free=3272Kb
 bounds [0x0000021a32580000, 0x0000021a32820000, 0x0000021a32b20000]
 total_blobs=9044 nmethods=7994 adapters=962
 compilation: enabled
              stopped_count=0, restarted_count=0
 full_count=0

Compilation events (20 events):
Event: 28.297 Thread 0x0000021a4179b5c0 9406       1       org.jetbrains.kotlin.backend.common.phaser.ActionState::getConfig (5 bytes)
Event: 28.297 Thread 0x0000021a4179b5c0 nmethod 9406 0x0000021a32c7f210 code [0x0000021a32c7f3a0, 0x0000021a32c7f478]
Event: 28.297 Thread 0x0000021a4179b5c0 9407       1       org.jetbrains.kotlin.backend.common.phaser.ActionState::getPhase (5 bytes)
Event: 28.297 Thread 0x0000021a4179b5c0 nmethod 9407 0x0000021a32e80010 code [0x0000021a32e801a0, 0x0000021a32e80278]
Event: 28.297 Thread 0x0000021a4179b5c0 9404       1       org.jetbrains.kotlin.ir.declarations.impl.IrFunctionCommonImpl::setDispatchReceiverParameter (6 bytes)
Event: 28.297 Thread 0x0000021a4179b5c0 nmethod 9404 0x0000021a32f59810 code [0x0000021a32f599a0, 0x0000021a32f59ab8]
Event: 28.300 Thread 0x0000021a4179b5c0 9409       3       org.jetbrains.kotlin.ir.util.TransformKt::transformInPlace (60 bytes)
Event: 28.301 Thread 0x0000021a4179b5c0 nmethod 9409 0x0000021a2b1a3610 code [0x0000021a2b1a3940, 0x0000021a2b1a4bf8]
Event: 28.301 Thread 0x0000021a4179b5c0 9408       3       org.jetbrains.kotlin.ir.expressions.IrMemberAccessExpression::transformChildren (63 bytes)
Event: 28.304 Thread 0x0000021a4179b5c0 nmethod 9408 0x0000021a2b3ff310 code [0x0000021a2b3ff780, 0x0000021a2b401898]
Event: 28.307 Thread 0x0000021a4179b5c0 9410       3       org.jetbrains.kotlin.ir.expressions.IrExpression::transform (10 bytes)
Event: 28.307 Thread 0x0000021a4179b5c0 nmethod 9410 0x0000021a2b744b10 code [0x0000021a2b744dc0, 0x0000021a2b745b58]
Event: 28.307 Thread 0x0000021a4179b5c0 9411       3       org.jetbrains.kotlin.ir.expressions.IrGetValue::accept (15 bytes)
Event: 28.308 Thread 0x0000021a4179b5c0 nmethod 9411 0x0000021a2b6a8410 code [0x0000021a2b6a8620, 0x0000021a2b6a8ca8]
Event: 28.316 Thread 0x0000021a4179b5c0 9412       3       org.jetbrains.kotlin.ir.declarations.impl.IrFunctionCommonImpl::setValueParameters (12 bytes)
Event: 28.318 Thread 0x0000021a4179b5c0 nmethod 9412 0x0000021a2b15af90 code [0x0000021a2b15b1a0, 0x0000021a2b15b798]
Event: 28.320 Thread 0x0000021a4179b5c0 9413       1       org.jetbrains.kotlin.backend.common.phaser.PhaserState::getPhaseCount (5 bytes)
Event: 28.320 Thread 0x0000021a4179b5c0 nmethod 9413 0x0000021a32cc9090 code [0x0000021a32cc9220, 0x0000021a32cc92f8]
Event: 28.322 Thread 0x0000021a4179b5c0 9414       1       org.jetbrains.kotlin.ir.declarations.impl.IrConstructorImpl::getSymbol (5 bytes)
Event: 28.322 Thread 0x0000021a4179b5c0 nmethod 9414 0x0000021a32f56190 code [0x0000021a32f56320, 0x0000021a32f563f8]

GC Heap History (20 events):
Event: 24.879 GC heap before
{Heap before GC invocations=45 (full 0):
 garbage-first heap   total 179200K, used 119638K [0x0000000080000000, 0x0000000100000000)
  region size 1024K, 8 young (8192K), 5 survivors (5120K)
 Metaspace       used 84417K, committed 85056K, reserved 1179648K
  class space    used 11692K, committed 11968K, reserved 1048576K
}
Event: 24.882 GC heap after
{Heap after GC invocations=46 (full 0):
 garbage-first heap   total 179200K, used 117485K [0x0000000080000000, 0x0000000100000000)
  region size 1024K, 1 young (1024K), 1 survivors (1024K)
 Metaspace       used 84417K, committed 85056K, reserved 1179648K
  class space    used 11692K, committed 11968K, reserved 1048576K
}
Event: 25.131 GC heap before
{Heap before GC invocations=46 (full 0):
 garbage-first heap   total 179200K, used 144109K [0x0000000080000000, 0x0000000100000000)
  region size 1024K, 27 young (27648K), 1 survivors (1024K)
 Metaspace       used 87608K, committed 88320K, reserved 1179648K
  class space    used 11951K, committed 12288K, reserved 1048576K
}
Event: 25.133 GC heap after
{Heap after GC invocations=47 (full 0):
 garbage-first heap   total 179200K, used 119141K [0x0000000080000000, 0x0000000100000000)
  region size 1024K, 3 young (3072K), 3 survivors (3072K)
 Metaspace       used 87608K, committed 88320K, reserved 1179648K
  class space    used 11951K, committed 12288K, reserved 1048576K
}
Event: 25.458 GC heap before
{Heap before GC invocations=48 (full 0):
 garbage-first heap   total 208896K, used 145765K [0x0000000080000000, 0x0000000100000000)
  region size 1024K, 29 young (29696K), 3 survivors (3072K)
 Metaspace       used 90678K, committed 91328K, reserved 1179648K
  class space    used 12314K, committed 12608K, reserved 1048576K
}
Event: 25.460 GC heap after
{Heap after GC invocations=49 (full 0):
 garbage-first heap   total 208896K, used 120097K [0x0000000080000000, 0x0000000100000000)
  region size 1024K, 3 young (3072K), 3 survivors (3072K)
 Metaspace       used 90678K, committed 91328K, reserved 1179648K
  class space    used 12314K, committed 12608K, reserved 1048576K
}
Event: 25.544 GC heap before
{Heap before GC invocations=49 (full 0):
 garbage-first heap   total 208896K, used 127265K [0x0000000080000000, 0x0000000100000000)
  region size 1024K, 10 young (10240K), 3 survivors (3072K)
 Metaspace       used 91513K, committed 92160K, reserved 1179648K
  class space    used 12427K, committed 12736K, reserved 1048576K
}
Event: 25.547 GC heap after
{Heap after GC invocations=50 (full 0):
 garbage-first heap   total 208896K, used 119936K [0x0000000080000000, 0x0000000100000000)
  region size 1024K, 2 young (2048K), 2 survivors (2048K)
 Metaspace       used 91513K, committed 92160K, reserved 1179648K
  class space    used 12427K, committed 12736K, reserved 1048576K
}
Event: 26.068 GC heap before
{Heap before GC invocations=50 (full 0):
 garbage-first heap   total 208896K, used 167040K [0x0000000080000000, 0x0000000100000000)
  region size 1024K, 48 young (49152K), 2 survivors (2048K)
 Metaspace       used 97516K, committed 98176K, reserved 1179648K
  class space    used 13185K, committed 13504K, reserved 1048576K
}
Event: 26.073 GC heap after
{Heap after GC invocations=51 (full 0):
 garbage-first heap   total 208896K, used 121675K [0x0000000080000000, 0x0000000100000000)
  region size 1024K, 3 young (3072K), 3 survivors (3072K)
 Metaspace       used 97516K, committed 98176K, reserved 1179648K
  class space    used 13185K, committed 13504K, reserved 1048576K
}
Event: 26.403 GC heap before
{Heap before GC invocations=52 (full 0):
 garbage-first heap   total 209920K, used 170827K [0x0000000080000000, 0x0000000100000000)
  region size 1024K, 50 young (51200K), 3 survivors (3072K)
 Metaspace       used 98844K, committed 99520K, reserved 1179648K
  class space    used 13331K, committed 13632K, reserved 1048576K
}
Event: 26.409 GC heap after
{Heap after GC invocations=53 (full 0):
 garbage-first heap   total 209920K, used 124831K [0x0000000080000000, 0x0000000100000000)
  region size 1024K, 7 young (7168K), 7 survivors (7168K)
 Metaspace       used 98844K, committed 99520K, reserved 1179648K
  class space    used 13331K, committed 13632K, reserved 1048576K
}
Event: 26.440 GC heap before
{Heap before GC invocations=53 (full 0):
 garbage-first heap   total 209920K, used 127903K [0x0000000080000000, 0x0000000100000000)
  region size 1024K, 10 young (10240K), 7 survivors (7168K)
 Metaspace       used 98870K, committed 99584K, reserved 1179648K
  class space    used 13331K, committed 13632K, reserved 1048576K
}
Event: 26.445 GC heap after
{Heap after GC invocations=54 (full 0):
 garbage-first heap   total 209920K, used 125042K [0x0000000080000000, 0x0000000100000000)
  region size 1024K, 1 young (1024K), 1 survivors (1024K)
 Metaspace       used 98870K, committed 99584K, reserved 1179648K
  class space    used 13331K, committed 13632K, reserved 1048576K
}
Event: 27.121 GC heap before
{Heap before GC invocations=54 (full 0):
 garbage-first heap   total 209920K, used 172146K [0x0000000080000000, 0x0000000100000000)
  region size 1024K, 47 young (48128K), 1 survivors (1024K)
 Metaspace       used 103460K, committed 104128K, reserved 1179648K
  class space    used 13861K, committed 14144K, reserved 1048576K
}
Event: 27.124 GC heap after
{Heap after GC invocations=55 (full 0):
 garbage-first heap   total 209920K, used 127508K [0x0000000080000000, 0x0000000100000000)
  region size 1024K, 4 young (4096K), 4 survivors (4096K)
 Metaspace       used 103460K, committed 104128K, reserved 1179648K
  class space    used 13861K, committed 14144K, reserved 1048576K
}
Event: 27.997 GC heap before
{Heap before GC invocations=56 (full 0):
 garbage-first heap   total 222208K, used 173588K [0x0000000080000000, 0x0000000100000000)
  region size 1024K, 49 young (50176K), 4 survivors (4096K)
 Metaspace       used 108719K, committed 109376K, reserved 1179648K
  class space    used 14487K, committed 14784K, reserved 1048576K
}
Event: 28.001 GC heap after
{Heap after GC invocations=57 (full 0):
 garbage-first heap   total 222208K, used 129849K [0x0000000080000000, 0x0000000100000000)
  region size 1024K, 6 young (6144K), 6 survivors (6144K)
 Metaspace       used 108719K, committed 109376K, reserved 1179648K
  class space    used 14487K, committed 14784K, reserved 1048576K
}
Event: 28.081 GC heap before
{Heap before GC invocations=57 (full 0):
 garbage-first heap   total 222208K, used 133945K [0x0000000080000000, 0x0000000100000000)
  region size 1024K, 10 young (10240K), 6 survivors (6144K)
 Metaspace       used 109162K, committed 109824K, reserved 1179648K
  class space    used 14541K, committed 14848K, reserved 1048576K
}
Event: 28.084 GC heap after
{Heap after GC invocations=58 (full 0):
 garbage-first heap   total 222208K, used 130171K [0x0000000080000000, 0x0000000100000000)
  region size 1024K, 1 young (1024K), 1 survivors (1024K)
 Metaspace       used 109162K, committed 109824K, reserved 1179648K
  class space    used 14541K, committed 14848K, reserved 1048576K
}

Dll operation events (3 events):
Event: 0.081 Loaded shared library D:\programacion\android studio1\jbr\bin\java.dll
Event: 0.214 Loaded shared library D:\programacion\android studio1\jbr\bin\zip.dll
Event: 4.348 Loaded shared library D:\programacion\android studio1\jbr\bin\verify.dll

Deoptimization events (20 events):
Event: 27.112 Thread 0x0000021a46a28d30 Uncommon trap: trap_request=0xffffffde fr.pc=0x0000021a32fa2110 relative=0x0000000000000590
Event: 27.112 Thread 0x0000021a46a28d30 Uncommon trap: reason=class_check action=maybe_recompile pc=0x0000021a32fa2110 method=org.jetbrains.kotlin.storage.LockBasedStorageManager$LockBasedLazyValue.invoke()Ljava/lang/Object; @ 24 c2
Event: 27.112 Thread 0x0000021a46a28d30 DEOPT PACKING pc=0x0000021a32fa2110 sp=0x00000026469f4140
Event: 27.112 Thread 0x0000021a46a28d30 DEOPT UNPACKING pc=0x0000021a325d69a3 sp=0x00000026469f4090 mode 2
Event: 27.112 Thread 0x0000021a46a28d30 Uncommon trap: trap_request=0xffffffde fr.pc=0x0000021a32fa2110 relative=0x0000000000000590
Event: 27.112 Thread 0x0000021a46a28d30 Uncommon trap: reason=class_check action=maybe_recompile pc=0x0000021a32fa2110 method=org.jetbrains.kotlin.storage.LockBasedStorageManager$LockBasedLazyValue.invoke()Ljava/lang/Object; @ 24 c2
Event: 27.112 Thread 0x0000021a46a28d30 DEOPT PACKING pc=0x0000021a32fa2110 sp=0x00000026469f4100
Event: 27.113 Thread 0x0000021a46a28d30 DEOPT UNPACKING pc=0x0000021a325d69a3 sp=0x00000026469f4050 mode 2
Event: 27.113 Thread 0x0000021a46a28d30 Uncommon trap: trap_request=0xffffffde fr.pc=0x0000021a32fa2110 relative=0x0000000000000590
Event: 27.113 Thread 0x0000021a46a28d30 Uncommon trap: reason=class_check action=maybe_recompile pc=0x0000021a32fa2110 method=org.jetbrains.kotlin.storage.LockBasedStorageManager$LockBasedLazyValue.invoke()Ljava/lang/Object; @ 24 c2
Event: 27.113 Thread 0x0000021a46a28d30 DEOPT PACKING pc=0x0000021a32fa2110 sp=0x00000026469f4180
Event: 27.113 Thread 0x0000021a46a28d30 DEOPT UNPACKING pc=0x0000021a325d69a3 sp=0x00000026469f40d0 mode 2
Event: 27.118 Thread 0x0000021a46a28d30 Uncommon trap: trap_request=0xffffffde fr.pc=0x0000021a32fba030 relative=0x00000000000005b0
Event: 27.118 Thread 0x0000021a46a28d30 Uncommon trap: reason=class_check action=maybe_recompile pc=0x0000021a32fba030 method=org.jetbrains.kotlin.storage.LockBasedStorageManager$LockBasedLazyValue.invoke()Ljava/lang/Object; @ 24 c2
Event: 27.118 Thread 0x0000021a46a28d30 DEOPT PACKING pc=0x0000021a32fba030 sp=0x00000026469f3de0
Event: 27.118 Thread 0x0000021a46a28d30 DEOPT UNPACKING pc=0x0000021a325d69a3 sp=0x00000026469f3d98 mode 2
Event: 28.001 Thread 0x0000021a46a28d30 DEOPT PACKING pc=0x0000021a2bc142f0 sp=0x00000026469f3210
Event: 28.001 Thread 0x0000021a46a28d30 DEOPT UNPACKING pc=0x0000021a325d7143 sp=0x00000026469f2720 mode 0
Event: 28.001 Thread 0x0000021a46a28d30 DEOPT PACKING pc=0x0000021a2bc142f0 sp=0x00000026469f3210
Event: 28.001 Thread 0x0000021a46a28d30 DEOPT UNPACKING pc=0x0000021a325d7143 sp=0x00000026469f2720 mode 0

Classes unloaded (0 events):
No events

Classes redefined (0 events):
No events

Internal exceptions (20 events):
Event: 17.573 Thread 0x0000021a46a28d30 Exception <a 'java/lang/NoSuchMethodError'{0x0000000085272140}: 'java.lang.Object java.lang.invoke.DirectMethodHandle$Holder.invokeStaticInit(java.lang.Object, int)'> (0x0000000085272140) 
thrown [s\src\hotspot\share\interpreter\linkResolver.cpp, line 771]
Event: 17.955 Thread 0x0000021a46a28d30 Implicit null exception at 0x0000021a32b656f2 to 0x0000021a32b65d0c
Event: 18.041 Thread 0x0000021a46a28d30 Implicit null exception at 0x0000021a32b8b952 to 0x0000021a32b8bf50
Event: 18.225 Thread 0x0000021a46a28d30 Exception <a 'sun/nio/fs/WindowsException'{0x00000000861f3500}> (0x00000000861f3500) 
thrown [s\src\hotspot\share\prims\jni.cpp, line 517]
Event: 18.225 Thread 0x0000021a46a28d30 Exception <a 'sun/nio/fs/WindowsException'{0x00000000861f5530}> (0x00000000861f5530) 
thrown [s\src\hotspot\share\prims\jni.cpp, line 517]
Event: 18.356 Thread 0x0000021a46a28d30 Exception <a 'java/lang/NoSuchMethodError'{0x0000000085946160}: 'long java.lang.invoke.DirectMethodHandle$Holder.invokeStatic(java.lang.Object)'> (0x0000000085946160) 
thrown [s\src\hotspot\share\interpreter\linkResolver.cpp, line 771]
Event: 18.357 Thread 0x0000021a46a28d30 Exception <a 'java/lang/NoSuchMethodError'{0x000000008594afa8}: 'long java.lang.invoke.DirectMethodHandle$Holder.invokeStaticInit(java.lang.Object)'> (0x000000008594afa8) 
thrown [s\src\hotspot\share\interpreter\linkResolver.cpp, line 771]
Event: 18.424 Thread 0x0000021a46a28d30 Exception <a 'java/lang/NoSuchMethodError'{0x00000000854aad70}: 'long java.lang.invoke.Invokers$Holder.invoke_MT(java.lang.Object, java.lang.Object, java.lang.Object, java.lang.Object)'> (0x00000000854aad70) 
thrown [s\src\hotspot\share\interpreter\linkResolver.cpp, line 771]
Event: 18.425 Thread 0x0000021a46a28d30 Exception <a 'java/lang/NoSuchMethodError'{0x00000000854b43c0}: 'int java.lang.invoke.Invokers$Holder.invoke_MT(java.lang.Object, java.lang.Object, java.lang.Object, java.lang.Object)'> (0x00000000854b43c0) 
thrown [s\src\hotspot\share\interpreter\linkResolver.cpp, line 771]
Event: 18.426 Thread 0x0000021a46a28d30 Exception <a 'java/lang/NoSuchMethodError'{0x00000000854c4e90}: 'void java.lang.invoke.DelegatingMethodHandle$Holder.reinvoke_L(java.lang.Object, java.lang.Object, java.lang.Object, long, java.lang.Object)'> (0x00000000854c4e90) 
thrown [s\src\hotspot\share\interpreter\linkResolver.cpp, line 771]
Event: 18.427 Thread 0x0000021a46a28d30 Exception <a 'java/lang/NoSuchMethodError'{0x00000000854cda68}: 'java.lang.Object java.lang.invoke.DirectMethodHandle$Holder.invokeSpecial(java.lang.Object, java.lang.Object, java.lang.Object, java.lang.Object, long)'> (0x00000000854cda68) 
thrown [s\src\hotspot\share\interpreter\linkResolver.cpp, line 771]
Event: 18.427 Thread 0x0000021a46a28d30 Exception <a 'java/lang/NoSuchMethodError'{0x00000000854de408}: 'int java.lang.invoke.DelegatingMethodHandle$Holder.reinvoke_L(java.lang.Object, java.lang.Object, java.lang.Object, long, java.lang.Object, java.lang.Object)'> (0x00000000854de408) 
thrown [s\src\hotspot\share\interpreter\linkResolver.cpp, line 771]
Event: 18.428 Thread 0x0000021a46a28d30 Exception <a 'java/lang/NoSuchMethodError'{0x00000000854ee6f0}: 'int java.lang.invoke.DelegatingMethodHandle$Holder.reinvoke_L(java.lang.Object, java.lang.Object, java.lang.Object, long, int, int)'> (0x00000000854ee6f0) 
thrown [s\src\hotspot\share\interpreter\linkResolver.cpp, line 771]
Event: 18.432 Thread 0x0000021a46a28d30 Exception <a 'java/lang/NoSuchMethodError'{0x0000000085112d68}: 'int java.lang.invoke.DelegatingMethodHandle$Holder.reinvoke_L(java.lang.Object, java.lang.Object, java.lang.Object, long, long, long)'> (0x0000000085112d68) 
thrown [s\src\hotspot\share\interpreter\linkResolver.cpp, line 771]
Event: 18.433 Thread 0x0000021a46a28d30 Exception <a 'java/lang/NoSuchMethodError'{0x000000008ff0ea40}: 'int java.lang.invoke.DelegatingMethodHandle$Holder.reinvoke_L(java.lang.Object, java.lang.Object, java.lang.Object, long, int)'> (0x000000008ff0ea40) 
thrown [s\src\hotspot\share\interpreter\linkResolver.cpp, line 771]
Event: 18.990 Thread 0x0000021a46a28d30 Exception <a 'java/lang/NoSuchMethodError'{0x000000008c548050}: 'java.lang.Object java.lang.invoke.Invokers$Holder.invokeExact_MT(java.lang.Object, java.lang.Object, long, java.lang.Object)'> (0x000000008c548050) 
thrown [s\src\hotspot\share\interpreter\linkResolver.cpp, line 771]
Event: 19.041 Thread 0x0000021a46a28d30 Exception <a 'java/lang/NoSuchMethodError'{0x000000008c3cae00}: 'java.lang.Object java.lang.invoke.Invokers$Holder.invoke_MT(java.lang.Object, java.lang.Object, java.lang.Object)'> (0x000000008c3cae00) 
thrown [s\src\hotspot\share\interpreter\linkResolver.cpp, line 771]
Event: 26.092 Thread 0x0000021a46a28d30 Exception <a 'java/lang/NoSuchMethodError'{0x000000008ca4d100}: 'java.lang.Object java.lang.invoke.DirectMethodHandle$Holder.invokeStatic(java.lang.Object, java.lang.Object, java.lang.Object, java.lang.Object, int)'> (0x000000008ca4d100) 
thrown [s\src\hotspot\share\interpreter\linkResolver.cpp, line 771]
Event: 26.906 Thread 0x0000021a46a28d30 Implicit null exception at 0x0000021a32f56d0f to 0x0000021a32f56d4c
Event: 27.449 Thread 0x0000021a46a28d30 Exception <a 'java/lang/NoSuchMethodError'{0x000000008c691cb8}: 'java.lang.Object java.lang.invoke.DirectMethodHandle$Holder.newInvokeSpecial(java.lang.Object, java.lang.Object, java.lang.Object, int, int, java.lang.Object, java.lang.Object)'> (0x000000008c691cb8) 
thrown [s\src\hotspot\share\interpreter\linkResolver.cpp, line 771]

VM Operations (20 events):
Event: 27.250 Executing VM operation: G1PauseCleanup
Event: 27.250 Executing VM operation: G1PauseCleanup done
Event: 27.565 Executing VM operation: HandshakeAllThreads
Event: 27.565 Executing VM operation: HandshakeAllThreads done
Event: 27.604 Executing VM operation: HandshakeAllThreads
Event: 27.604 Executing VM operation: HandshakeAllThreads done
Event: 27.997 Executing VM operation: G1CollectForAllocation
Event: 28.001 Executing VM operation: G1CollectForAllocation done
Event: 28.032 Executing VM operation: HandshakeAllThreads
Event: 28.032 Executing VM operation: HandshakeAllThreads done
Event: 28.033 Executing VM operation: HandshakeAllThreads
Event: 28.033 Executing VM operation: HandshakeAllThreads done
Event: 28.033 Executing VM operation: HandshakeAllThreads
Event: 28.033 Executing VM operation: HandshakeAllThreads done
Event: 28.051 Executing VM operation: HandshakeAllThreads
Event: 28.060 Executing VM operation: HandshakeAllThreads done
Event: 28.081 Executing VM operation: G1CollectForAllocation
Event: 28.084 Executing VM operation: G1CollectForAllocation done
Event: 28.122 Executing VM operation: HandshakeAllThreads
Event: 28.122 Executing VM operation: HandshakeAllThreads done

Events (20 events):
Event: 28.135 Thread 0x0000021a4179dee0 flushing nmethod 0x0000021a2be9c590
Event: 28.135 Thread 0x0000021a4179dee0 flushing nmethod 0x0000021a2bea1690
Event: 28.135 Thread 0x0000021a4179dee0 flushing nmethod 0x0000021a2bea2910
Event: 28.135 Thread 0x0000021a4179dee0 flushing nmethod 0x0000021a2bf15090
Event: 28.135 Thread 0x0000021a4179dee0 flushing nmethod 0x0000021a2bf59e10
Event: 28.135 Thread 0x0000021a4179dee0 flushing nmethod 0x0000021a2bfa1490
Event: 28.135 Thread 0x0000021a4179dee0 flushing nmethod 0x0000021a2bfa8490
Event: 28.135 Thread 0x0000021a4179dee0 flushing nmethod 0x0000021a2bfa9f10
Event: 28.135 Thread 0x0000021a4179dee0 flushing nmethod 0x0000021a2bfaa310
Event: 28.135 Thread 0x0000021a4179dee0 flushing nmethod 0x0000021a2bfad890
Event: 28.135 Thread 0x0000021a4179dee0 flushing nmethod 0x0000021a2bfaf810
Event: 28.135 Thread 0x0000021a4179dee0 flushing nmethod 0x0000021a2bfb2b90
Event: 28.135 Thread 0x0000021a4179dee0 flushing nmethod 0x0000021a2bfb3c10
Event: 28.135 Thread 0x0000021a4179dee0 flushing nmethod 0x0000021a2bfbf090
Event: 28.136 Thread 0x0000021a4179dee0 flushing nmethod 0x0000021a2bfc2210
Event: 28.136 Thread 0x0000021a4179dee0 flushing nmethod 0x0000021a2bfffc90
Event: 28.136 Thread 0x0000021a4179dee0 flushing nmethod 0x0000021a2c024f90
Event: 28.136 Thread 0x0000021a4179dee0 flushing nmethod 0x0000021a2c04b610
Event: 28.136 Thread 0x0000021a4179dee0 flushing nmethod 0x0000021a2c04f010
Event: 28.136 Thread 0x0000021a4179dee0 flushing nmethod 0x0000021a2c055010


Dynamic libraries:
0x00007ff623e70000 - 0x00007ff623e7a000 	D:\programacion\android studio1\jbr\bin\java.exe
0x00007ff9d9e70000 - 0x00007ff9da068000 	C:\Windows\SYSTEM32\ntdll.dll
0x00007ff9d82a0000 - 0x00007ff9d835d000 	C:\Windows\System32\KERNEL32.DLL
0x00007ff9d7570000 - 0x00007ff9d7866000 	C:\Windows\System32\KERNELBASE.dll
0x00007ff9d7870000 - 0x00007ff9d7970000 	C:\Windows\System32\ucrtbase.dll
0x00007ff9d0ab0000 - 0x00007ff9d0acb000 	D:\programacion\android studio1\jbr\bin\VCRUNTIME140.dll
0x00007ff99e8d0000 - 0x00007ff99e8e7000 	D:\programacion\android studio1\jbr\bin\jli.dll
0x00007ff9d8d10000 - 0x00007ff9d8eaf000 	C:\Windows\System32\USER32.dll
0x00007ff9d7e70000 - 0x00007ff9d7e92000 	C:\Windows\System32\win32u.dll
0x00007ff9c9470000 - 0x00007ff9c970a000 	C:\Windows\WinSxS\amd64_microsoft.windows.common-controls_6595b64144ccf1df_6.0.19041.3636_none_60b6a03d71f818d5\COMCTL32.dll
0x00007ff9d9000000 - 0x00007ff9d902b000 	C:\Windows\System32\GDI32.dll
0x00007ff9d7bf0000 - 0x00007ff9d7d07000 	C:\Windows\System32\gdi32full.dll
0x00007ff9d7dd0000 - 0x00007ff9d7e6d000 	C:\Windows\System32\msvcp_win.dll
0x00007ff9d9d20000 - 0x00007ff9d9dbe000 	C:\Windows\System32\msvcrt.dll
0x00007ff9d8180000 - 0x00007ff9d81b2000 	C:\Windows\System32\IMM32.DLL
0x00007ff9d2f90000 - 0x00007ff9d2f9c000 	D:\programacion\android studio1\jbr\bin\vcruntime140_1.dll
0x00007ff997460000 - 0x00007ff9974ed000 	D:\programacion\android studio1\jbr\bin\msvcp140.dll
0x00007ff95ff40000 - 0x00007ff960bc3000 	D:\programacion\android studio1\jbr\bin\server\jvm.dll
0x00007ff9d7f50000 - 0x00007ff9d8000000 	C:\Windows\System32\ADVAPI32.dll
0x00007ff9d9140000 - 0x00007ff9d91e0000 	C:\Windows\System32\sechost.dll
0x00007ff9d9bf0000 - 0x00007ff9d9d13000 	C:\Windows\System32\RPCRT4.dll
0x00007ff9d7da0000 - 0x00007ff9d7dc7000 	C:\Windows\System32\bcrypt.dll
0x00007ff9d6ab0000 - 0x00007ff9d6afb000 	C:\Windows\SYSTEM32\POWRPROF.dll
0x00007ff9c59e0000 - 0x00007ff9c5a07000 	C:\Windows\SYSTEM32\WINMM.dll
0x00007ff9ce640000 - 0x00007ff9ce64a000 	C:\Windows\SYSTEM32\VERSION.dll
0x00007ff97b440000 - 0x00007ff97b449000 	C:\Windows\SYSTEM32\WSOCK32.dll
0x00007ff9d8eb0000 - 0x00007ff9d8f1b000 	C:\Windows\System32\ws2_32.DLL
0x00007ff9d6920000 - 0x00007ff9d6932000 	C:\Windows\SYSTEM32\UMPDC.dll
0x00007ff9d53d0000 - 0x00007ff9d53e2000 	C:\Windows\SYSTEM32\kernel.appcore.dll
0x00007ff9d0ae0000 - 0x00007ff9d0aea000 	D:\programacion\android studio1\jbr\bin\jimage.dll
0x00007ff9c44e0000 - 0x00007ff9c46c4000 	C:\Windows\SYSTEM32\DBGHELP.DLL
0x00007ff9bd6d0000 - 0x00007ff9bd704000 	C:\Windows\SYSTEM32\dbgcore.DLL
0x00007ff9d7d10000 - 0x00007ff9d7d92000 	C:\Windows\System32\bcryptPrimitives.dll
0x00007ff9a6f70000 - 0x00007ff9a6f7e000 	D:\programacion\android studio1\jbr\bin\instrument.dll
0x00007ff99f800000 - 0x00007ff99f825000 	D:\programacion\android studio1\jbr\bin\java.dll
0x00007ff9a7a20000 - 0x00007ff9a7a38000 	D:\programacion\android studio1\jbr\bin\zip.dll
0x00007ff9d85a0000 - 0x00007ff9d8d0b000 	C:\Windows\System32\SHELL32.dll
0x00007ff9d55d0000 - 0x00007ff9d5d6e000 	C:\Windows\SYSTEM32\windows.storage.dll
0x00007ff9d9810000 - 0x00007ff9d9b63000 	C:\Windows\System32\combase.dll
0x00007ff9d6f50000 - 0x00007ff9d6f7e000 	C:\Windows\SYSTEM32\Wldp.dll
0x00007ff9d8f30000 - 0x00007ff9d8ffd000 	C:\Windows\System32\OLEAUT32.dll
0x00007ff9d9030000 - 0x00007ff9d90dd000 	C:\Windows\System32\SHCORE.dll
0x00007ff9d8120000 - 0x00007ff9d8175000 	C:\Windows\System32\shlwapi.dll
0x00007ff9d7450000 - 0x00007ff9d7473000 	C:\Windows\SYSTEM32\profapi.dll
0x00007ff99f7e0000 - 0x00007ff99f7f9000 	D:\programacion\android studio1\jbr\bin\net.dll
0x00007ff9d0800000 - 0x00007ff9d090a000 	C:\Windows\SYSTEM32\WINHTTP.dll
0x00007ff9d6cb0000 - 0x00007ff9d6d1a000 	C:\Windows\system32\mswsock.dll
0x00007ff99ecc0000 - 0x00007ff99ecd6000 	D:\programacion\android studio1\jbr\bin\nio.dll
0x00007ff9a7240000 - 0x00007ff9a7250000 	D:\programacion\android studio1\jbr\bin\verify.dll
0x00007ff9d2710000 - 0x00007ff9d2737000 	C:\Users\Nicolas\.gradle\native\c067742578af261105cb4f569cf0c3c89f3d7b1fecec35dd04571415982c5e48\windows-amd64\native-platform.dll
0x00007ff997310000 - 0x00007ff997454000 	C:\Users\Nicolas\.gradle\native\38dada09dfb8b06ba9b0570ebf7e218e3eb74d4ef43ca46872605cf95ebc2f47\windows-amd64\native-platform-file-events.dll
0x00007ff9d0ad0000 - 0x00007ff9d0ad9000 	D:\programacion\android studio1\jbr\bin\management.dll
0x00007ff9a73c0000 - 0x00007ff9a73cb000 	D:\programacion\android studio1\jbr\bin\management_ext.dll
0x00007ff9d91e0000 - 0x00007ff9d91e8000 	C:\Windows\System32\PSAPI.DLL
0x00007ff9d6eb0000 - 0x00007ff9d6ec8000 	C:\Windows\SYSTEM32\CRYPTSP.dll
0x00007ff9d6560000 - 0x00007ff9d6594000 	C:\Windows\system32\rsaenh.dll
0x00007ff9d73d0000 - 0x00007ff9d73fe000 	C:\Windows\SYSTEM32\USERENV.dll
0x00007ff9d6ea0000 - 0x00007ff9d6eac000 	C:\Windows\SYSTEM32\CRYPTBASE.dll
0x00007ff9d6940000 - 0x00007ff9d697b000 	C:\Windows\SYSTEM32\IPHLPAPI.DLL
0x00007ff9d9dc0000 - 0x00007ff9d9dc8000 	C:\Windows\System32\NSI.dll
0x00007ff9d1050000 - 0x00007ff9d1067000 	C:\Windows\SYSTEM32\dhcpcsvc6.DLL
0x00007ff9d13f0000 - 0x00007ff9d140d000 	C:\Windows\SYSTEM32\dhcpcsvc.DLL
0x00007ff9d6980000 - 0x00007ff9d6a4b000 	C:\Windows\SYSTEM32\DNSAPI.dll
0x00007ff97f740000 - 0x00007ff97f747000 	C:\Windows\system32\wshunix.dll

dbghelp: loaded successfully - version: 4.0.5 - missing functions: none
symbol engine: initialized successfully - sym options: 0x614 - pdb path: .;D:\programacion\android studio1\jbr\bin;C:\Windows\SYSTEM32;C:\Windows\WinSxS\amd64_microsoft.windows.common-controls_6595b64144ccf1df_6.0.19041.3636_none_60b6a03d71f818d5;D:\programacion\android studio1\jbr\bin\server;C:\Users\Nicolas\.gradle\native\c067742578af261105cb4f569cf0c3c89f3d7b1fecec35dd04571415982c5e48\windows-amd64;C:\Users\Nicolas\.gradle\native\38dada09dfb8b06ba9b0570ebf7e218e3eb74d4ef43ca46872605cf95ebc2f47\windows-amd64

VM Arguments:
jvm_args: --add-opens=java.base/java.util=ALL-UNNAMED --add-opens=java.base/java.lang=ALL-UNNAMED --add-opens=java.base/java.lang.invoke=ALL-UNNAMED --add-opens=java.prefs/java.util.prefs=ALL-UNNAMED --add-opens=java.base/java.nio.charset=ALL-UNNAMED --add-opens=java.base/java.net=ALL-UNNAMED --add-opens=java.base/java.util.concurrent.atomic=ALL-UNNAMED -Xmx2048m -Dfile.encoding=UTF-8 -Duser.country=ES -Duser.language=es -Duser.variant -javaagent:C:\Users\Nicolas\.gradle\wrapper\dists\gradle-8.4-bin\1w5dpkrfk8irigvoxmyhowfim\gradle-8.4\lib\agents\gradle-instrumentation-agent-8.4.jar 
java_command: org.gradle.launcher.daemon.bootstrap.GradleDaemon 8.4
java_class_path (initial): C:\Users\Nicolas\.gradle\wrapper\dists\gradle-8.4-bin\1w5dpkrfk8irigvoxmyhowfim\gradle-8.4\lib\gradle-launcher-8.4.jar
Launcher Type: SUN_STANDARD

[Global flags]
     intx CICompilerCount                          = 3                                         {product} {ergonomic}
     uint ConcGCThreads                            = 2                                         {product} {ergonomic}
     uint G1ConcRefinementThreads                  = 6                                         {product} {ergonomic}
   size_t G1HeapRegionSize                         = 1048576                                   {product} {ergonomic}
    uintx GCDrainStackTargetSize                   = 64                                        {product} {ergonomic}
   size_t InitialHeapSize                          = 268435456                                 {product} {ergonomic}
   size_t MarkStackSize                            = 4194304                                   {product} {ergonomic}
   size_t MaxHeapSize                              = 2147483648                                {product} {command line}
   size_t MaxNewSize                               = 1287651328                                {product} {ergonomic}
   size_t MinHeapDeltaBytes                        = 1048576                                   {product} {ergonomic}
   size_t MinHeapSize                              = 8388608                                   {product} {ergonomic}
    uintx NonNMethodCodeHeapSize                   = 5832780                                {pd product} {ergonomic}
    uintx NonProfiledCodeHeapSize                  = 122912730                              {pd product} {ergonomic}
    uintx ProfiledCodeHeapSize                     = 122912730                              {pd product} {ergonomic}
    uintx ReservedCodeCacheSize                    = 251658240                              {pd product} {ergonomic}
     bool SegmentedCodeCache                       = true                                      {product} {ergonomic}
   size_t SoftMaxHeapSize                          = 2147483648                             {manageable} {ergonomic}
     bool UseCompressedClassPointers               = true                           {product lp64_product} {ergonomic}
     bool UseCompressedOops                        = true                           {product lp64_product} {ergonomic}
     bool UseG1GC                                  = true                                      {product} {ergonomic}
     bool UseLargePagesIndividualAllocation        = false                                  {pd product} {ergonomic}

Logging:
Log output configuration:
 #0: stdout all=warning uptime,level,tags
 #1: stderr all=off uptime,level,tags

Environment Variables:
JAVA_HOME=C:\Program Files\Java\jdk-18
PATH=C:\Program Files\Rockwell Software\RSCommon;C:\ProgramData\Oracle\Java\javapath;C:\Program Files\Common Files\Oracle\Java\javapath;C:\Program Files (x86)\Common Files\Oracle\Java\javapath;C:\Program Files (x86)\Common Files\Intel\Shared Libraries\redist\intel64\compiler;C:\Program Files\Java\jdk-18\bin;C:\Program Files\dotnet\;C:\Program Files\Microsoft SQL Server\Client SDK\ODBC\170\Tools\Binn\;C:\Program Files (x86)\Microsoft SQL Server\150\Tools\Binn\;C:\Program Files\Microsoft SQL Server\150\Tools\Binn\;C:\Program Files\Microsoft SQL Server\150\DTS\Binn\;C:\Program Files (x86)\Microsoft SQL Server\150\DTS\Binn\;C:\Program Files\Azure Data Studio\bin;D:\git\Git\cmd;C:\Program Files\NVIDIA Corporation\NVIDIA NvDLISR;C:\Program Files\MySQL\MySQL Shell 8.0\bin\;C:\Users\Nicolas\AppData\Local\Microsoft\WindowsApps;D:\Visual Studio Code\Microsoft VS Code\bin;C:\Program Files\Azure Data Studio\bin;C:\Users\Nicolas\.dotnet\tools;C:\Users\Nicolas\AppData\Local\Programs\Python\Python39;C:\Users\Nicolas\AppData\Local\Programs\Python\Python39\Scripts;
USERNAME=Nicolas
OS=Windows_NT
PROCESSOR_IDENTIFIER=Intel64 Family 6 Model 158 Stepping 10, GenuineIntel
TMP=C:\Users\Nicolas\AppData\Local\Temp
TEMP=C:\Users\Nicolas\AppData\Local\Temp



Periodic native trim disabled

JNI global refs:
JNI global refs: 25, weak refs: 0

JNI global refs memory usage: 843, weak refs: 841

OOME stack traces (most recent first):
Classloader memory used:
Loader org.gradle.internal.classloader.VisitableURLClassLoader                         : 10205K
Loader bootstrap                                                                       : 2531K
Loader org.gradle.initialization.MixInLegacyTypesClassLoader                           : 1059K
Loader org.gradle.internal.classloader.VisitableURLClassLoader$InstrumentingVisitableURLClassLoader: 101018B
Loader org.gradle.internal.classloader.VisitableURLClassLoader                         : 84995B
Loader jdk.internal.loader.ClassLoaders$PlatformClassLoader                            : 66871B
Loader jdk.internal.jrtfs.JrtFileSystemProvider$JrtFsLoader                            : 40378B
Loader jdk.internal.reflect.DelegatingClassLoader                                      : 33970B
Loader jdk.internal.loader.ClassLoaders$AppClassLoader                                 : 28460B
Loader org.gradle.groovy.scripts.internal.DefaultScriptCompilationHandler$ScriptClassLoader: 11117B
Loader org.codehaus.groovy.runtime.callsite.CallSiteClassLoader                        : 6138B

Classes loaded by more than one classloader:
Class org.gradle.internal.Cast                                                        : loaded 3 times (x 69B)
Class Program                                                                         : loaded 3 times (x 70B)
Class org.gradle.api.GradleException                                                  : loaded 3 times (x 80B)
Class org.gradle.internal.classpath.ClassPath                                         : loaded 2 times (x 68B)
Class org.gradle.api.internal.classpath.DefaultModuleRegistry                         : loaded 2 times (x 84B)
Class org.gradle.internal.exceptions.NonGradleCauseExceptionsHolder                   : loaded 2 times (x 68B)
Class Settings_gradle$1$1                                                             : loaded 2 times (x 72B)
Class com.intellij.openapi.externalSystem.model.ExternalSystemException               : loaded 2 times (x 84B)
Class jdk.internal.jimage.BasicImageReader$1                                          : loaded 2 times (x 75B)
Class org.gradle.api.Action                                                           : loaded 2 times (x 68B)
Class org.jetbrains.kotlin.idea.gradleTooling.model.samWithReceiver.SamWithReceiverModel: loaded 2 times (x 68B)
Class org.jetbrains.plugins.gradle.model.ExternalProject                              : loaded 2 times (x 68B)
Class org.jetbrains.plugins.gradle.model.IntelliJSettings                             : loaded 2 times (x 68B)
Class jdk.internal.jimage.ImageBufferCache$1                                          : loaded 2 times (x 78B)
Class jdk.internal.jimage.ImageBufferCache$2                                          : loaded 2 times (x 89B)
Class org.jetbrains.kotlin.idea.gradleTooling.KotlinMPPGradleModel                    : loaded 2 times (x 68B)
Class org.gradle.api.internal.DefaultClassPathProvider                                : loaded 2 times (x 74B)
Class org.gradle.internal.installation.GradleInstallation$1                           : loaded 2 times (x 73B)
Class jdk.internal.jrtfs.SystemImage$1                                                : loaded 2 times (x 76B)
Class jdk.internal.jrtfs.SystemImage$2                                                : loaded 2 times (x 74B)
Class org.gradle.internal.exceptions.DefaultMultiCauseException                       : loaded 2 times (x 89B)
Class org.gradle.tooling.model.UnsupportedMethodException                             : loaded 2 times (x 80B)
Class org.gradle.internal.time.MonotonicClock                                         : loaded 2 times (x 75B)
Class org.gradle.internal.classloader.FilteringClassLoader                            : loaded 2 times (x 103B)
Class jdk.internal.jimage.ImageReader$Resource                                        : loaded 2 times (x 82B)
Class jdk.internal.jrtfs.SystemImage                                                  : loaded 2 times (x 72B)
Class org.gradle.tooling.model.Model                                                  : loaded 2 times (x 68B)
Class org.gradle.internal.classpath.DefaultClassPath$ImmutableUniqueList$Builder      : loaded 2 times (x 73B)
Class org.jetbrains.kotlin.idea.gradleTooling.KotlinSourceSetContainer                : loaded 2 times (x 68B)
Class jdk.internal.jrtfs.JrtDirectoryStream$1                                         : loaded 2 times (x 81B)
Class org.gradle.internal.classloader.ClassLoaderVisitor                              : loaded 2 times (x 74B)
Class org.gradle.internal.time.DefaultCountdownTimer                                  : loaded 2 times (x 86B)
Class org.gradle.internal.service.DefaultServiceLocator                               : loaded 2 times (x 81B)
Class org.gradle.internal.service.UnknownServiceException                             : loaded 2 times (x 81B)
Class org.jetbrains.plugins.gradle.model.DependencyAccessorsModel                     : loaded 2 times (x 68B)
Class org.gradle.internal.classloader.DefaultClassLoaderFactory                       : loaded 2 times (x 80B)
Class jdk.internal.jimage.ImageReader$SharedImageReader                               : loaded 2 times (x 93B)
Class org.jetbrains.plugins.gradle.model.GradleExtensions                             : loaded 2 times (x 68B)
Class jdk.internal.jimage.decompressor.ZipDecompressorFactory                         : loaded 2 times (x 72B)
Class org.jetbrains.plugins.gradle.model.VersionCatalogsModel                         : loaded 2 times (x 68B)
Class org.gradle.internal.classloader.VisitableURLClassLoader$Spec                    : loaded 2 times (x 72B)
Class org.gradle.tooling.model.ProjectModel                                           : loaded 2 times (x 68B)
Class org.jetbrains.plugins.gradle.model.MavenRepositoryModel                         : loaded 2 times (x 68B)
Class org.gradle.tooling.internal.gradle.DefaultProjectIdentifier                     : loaded 2 times (x 84B)
Class org.gradle.api.internal.classpath.ModuleRegistry                                : loaded 2 times (x 68B)
Class org.gradle.util.GradleVersion                                                   : loaded 2 times (x 81B)
Class kotlin.jvm.internal.markers.KMappedMarker                                       : loaded 2 times (x 68B)
Class org.gradle.api.internal.ClassPathProvider                                       : loaded 2 times (x 68B)
Class org.gradle.internal.classloader.ClasspathUtil$1                                 : loaded 2 times (x 74B)
Class org.gradle.internal.classloader.ClassLoaderFactory                              : loaded 2 times (x 68B)
Class jdk.internal.jimage.ImageHeader                                                 : loaded 2 times (x 69B)
Class org.gradle.api.internal.classpath.ManifestUtil                                  : loaded 2 times (x 69B)
Class org.gradle.api.specs.Spec                                                       : loaded 2 times (x 68B)
Class org.gradle.tooling.internal.gradle.GradleBuildIdentity                          : loaded 2 times (x 68B)
Class org.gradle.internal.IoActions                                                   : loaded 2 times (x 69B)
Class jdk.internal.jimage.decompressor.StringSharingDecompressorFactory               : loaded 2 times (x 72B)
Class org.gradle.api.internal.classpath.EffectiveClassPath                            : loaded 2 times (x 88B)
Class kotlin.jvm.internal.DefaultConstructorMarker                                    : loaded 2 times (x 69B)
Class org.jetbrains.kotlin.idea.gradleTooling.model.annotation.AnnotationBasedPluginModel: loaded 2 times (x 68B)
Class org.jetbrains.kotlin.idea.gradleTooling.model.assignment.AssignmentModel        : loaded 2 times (x 68B)
Class org.gradle.internal.installation.CurrentGradleInstallation                      : loaded 2 times (x 71B)
Class org.gradle.internal.agents.InstrumentingClassLoader                             : loaded 2 times (x 68B)
Class org.gradle.internal.installation.CurrentGradleInstallationLocator               : loaded 2 times (x 69B)
Class org.gradle.api.internal.classpath.Module                                        : loaded 2 times (x 68B)
Class org.gradle.internal.service.CachingServiceLocator                               : loaded 2 times (x 80B)
Class org.gradle.internal.time.Timer                                                  : loaded 2 times (x 68B)
Class org.jetbrains.plugins.gradle.model.tests.ExternalTestsModel                     : loaded 2 times (x 68B)
Class org.jetbrains.kotlin.idea.gradleTooling.KotlinDslScriptAdditionalTask           : loaded 2 times (x 68B)
Class org.gradle.internal.classpath.DefaultClassPath                                  : loaded 2 times (x 88B)
Class jdk.internal.jimage.BasicImageReader                                            : loaded 2 times (x 93B)
Class com.intellij.openapi.externalSystem.model.project.dependencies.ProjectDependencies: loaded 2 times (x 68B)
Class org.jetbrains.kotlin.idea.gradleTooling.PrepareKotlinIdeImportTaskModel         : loaded 2 times (x 68B)
Class jdk.internal.jimage.ImageLocation                                               : loaded 2 times (x 88B)
Class org.gradle.internal.impldep.com.google.common.base.Preconditions                : loaded 2 times (x 69B)
Class kotlin.jvm.functions.Function1                                                  : loaded 2 times (x 68B)
Class jdk.internal.jimage.ImageReader$Node                                            : loaded 2 times (x 82B)
Class org.gradle.internal.time.Time                                                   : loaded 2 times (x 69B)
Class jdk.internal.jimage.decompressor.CompressedResourceHeader                       : loaded 2 times (x 69B)
Class org.gradle.internal.time.TimeSource$1                                           : loaded 2 times (x 75B)
Class jdk.internal.jrtfs.JrtPath                                                      : loaded 2 times (x 116B)
Class jdk.internal.jimage.ImageStrings                                                : loaded 2 times (x 68B)
Class jdk.internal.jrtfs.JrtFileAttributes                                            : loaded 2 times (x 81B)
Class org.gradle.internal.classloader.SystemClassLoaderSpec                           : loaded 2 times (x 69B)
Class sync_studio_tooling11_5d7qc4kon5rxh69w1lon9shfx                                 : loaded 2 times (x 177B)
Class sync_studio_tooling11_5d7qc4kon5rxh69w1lon9shfx$_run_closure1                   : loaded 2 times (x 137B)
Class jdk.internal.jimage.decompressor.ResourceDecompressorRepository                 : loaded 2 times (x 69B)
Class kotlin.Function                                                                 : loaded 2 times (x 68B)
Class org.gradle.api.UncheckedIOException                                             : loaded 2 times (x 80B)
Class jdk.internal.jimage.decompressor.ResourceDecompressor$StringsProvider           : loaded 2 times (x 68B)
Class org.jetbrains.plugins.gradle.model.RepositoriesModel                            : loaded 2 times (x 68B)
Class jdk.internal.jimage.decompressor.Decompressor                                   : loaded 2 times (x 70B)
Class jdk.internal.jrtfs.JrtFileSystem                                                : loaded 2 times (x 100B)
Class org.gradle.tooling.internal.gradle.GradleProjectIdentity                        : loaded 2 times (x 68B)
Class jdk.internal.jrtfs.JrtFileSystemProvider                                        : loaded 2 times (x 97B)
Class org.gradle.internal.time.CountdownTimer                                         : loaded 2 times (x 68B)
Class org.gradle.internal.time.Clock                                                  : loaded 2 times (x 68B)
Class org.gradle.internal.classloader.ClasspathUtil                                   : loaded 2 times (x 69B)
Class jdk.internal.jrtfs.JrtDirectoryStream                                           : loaded 2 times (x 87B)
Class org.gradle.tooling.model.BuildIdentifier                                        : loaded 2 times (x 68B)
Class jdk.internal.jimage.decompressor.ResourceDecompressor                           : loaded 2 times (x 68B)
Class org.gradle.api.internal.DefaultClassPathRegistry                                : loaded 2 times (x 74B)
Class org.gradle.api.internal.classpath.DefaultModuleRegistry$DefaultModule           : loaded 2 times (x 84B)
Class org.gradle.internal.time.TimeSource                                             : loaded 2 times (x 68B)
Class org.jetbrains.kotlin.android.synthetic.idea.AndroidExtensionsGradleModel        : loaded 2 times (x 68B)
Class org.gradle.api.internal.classpath.UnknownModuleException                        : loaded 2 times (x 80B)
Class org.jetbrains.plugins.gradle.model.IntelliJProjectSettings                      : loaded 2 times (x 68B)
Class org.gradle.internal.service.ServiceLookupException                              : loaded 2 times (x 80B)
Class jdk.internal.jimage.ImageStringsReader                                          : loaded 2 times (x 78B)
Class org.gradle.cache.GlobalCache                                                    : loaded 2 times (x 68B)
Class jdk.internal.jimage.decompressor.ResourceDecompressorFactory                    : loaded 2 times (x 72B)
Class org.jetbrains.kotlin.idea.gradleTooling.model.lombok.LombokModel                : loaded 2 times (x 68B)
Class org.gradle.tooling.model.ProjectIdentifier                                      : loaded 2 times (x 68B)
Class [Lorg.gradle.api.internal.ClassPathProvider;                                    : loaded 2 times (x 67B)
Class jdk.internal.jimage.ImageReader$SharedImageReader$LocationVisitor               : loaded 2 times (x 68B)
Class org.gradle.internal.operations.MultipleBuildOperationFailures                   : loaded 2 times (x 89B)
Class org.gradle.util.internal.GUtil                                                  : loaded 2 times (x 69B)
Class jdk.internal.jimage.decompressor.ZipDecompressor                                : loaded 2 times (x 73B)
Class org.jetbrains.plugins.gradle.model.AnnotationProcessingModel                    : loaded 2 times (x 68B)
Class org.gradle.internal.classloader.ClassLoaderSpec                                 : loaded 2 times (x 69B)
Class org.jetbrains.plugins.gradle.model.BuildScriptClasspathModel                    : loaded 2 times (x 68B)
Class org.gradle.internal.classloader.VisitableURLClassLoader                         : loaded 2 times (x 115B)
Class org.gradle.internal.installation.GradleInstallation                             : loaded 2 times (x 73B)
Class org.gradle.api.internal.ClassPathRegistry                                       : loaded 2 times (x 68B)
Class org.gradle.internal.classloader.VisitableURLClassLoader$InstrumentingVisitableURLClassLoader: loaded 2 times (x 121B)
Class org.gradle.internal.classloader.ClassLoaderHierarchy                            : loaded 2 times (x 68B)
Class org.gradle.internal.exceptions.MultiCauseException                              : loaded 2 times (x 68B)
Class jdk.internal.jimage.ImageReader                                                 : loaded 2 times (x 73B)
Class org.jetbrains.kotlin.idea.gradleTooling.model.parcelize.ParcelizeGradleModel    : loaded 2 times (x 68B)
Class ijInit1_j5dqstuyd9r8am0ox33baflt                                                : loaded 2 times (x 177B)
Class org.gradle.internal.InternalTransformer                                         : loaded 2 times (x 68B)
Class org.jetbrains.kotlin.idea.gradleTooling.model.noarg.NoArgModel                  : loaded 2 times (x 68B)
Class org.jetbrains.kotlin.idea.gradleTooling.KotlinGradleModel                       : loaded 2 times (x 68B)
Class org.gradle.tooling.internal.gradle.DefaultBuildIdentifier                       : loaded 2 times (x 77B)
Class org.gradle.internal.service.ServiceLocator                                      : loaded 2 times (x 68B)
Class Settings_gradle$1                                                               : loaded 2 times (x 72B)
Class org.jetbrains.kotlin.idea.gradleTooling.model.allopen.AllOpenModel              : loaded 2 times (x 68B)
Class org.gradle.internal.classpath.DefaultClassPath$ImmutableUniqueList              : loaded 2 times (x 159B)
Class jdk.internal.jimage.ImageBufferCache                                            : loaded 2 times (x 69B)
Class org.gradle.internal.time.DefaultTimer                                           : loaded 2 times (x 78B)
Class org.gradle.internal.classpath.TransformedClassPath                              : loaded 2 times (x 94B)
Class Settings_gradle                                                                 : loaded 2 times (x 126B)
Class jdk.internal.jimage.ImageReader$Directory                                       : loaded 2 times (x 82B)


---------------  S Y S T E M  ---------------

OS:
 Windows 10 , 64 bit Build 19041 (10.0.19041.3636)
OS uptime: 2 days 1:45 hours

CPU: total 6 (initial active 6) (6 cores per cpu, 1 threads per core) family 6 model 158 stepping 10 microcode 0xb4, cx8, cmov, fxsr, mmx, 3dnowpref, sse, sse2, sse3, ssse3, sse4.1, sse4.2, popcnt, lzcnt, tsc, tscinvbit, avx, avx2, aes, erms, clmul, bmi1, bmi2, adx, fma, vzeroupper, clflush, clflushopt
Processor Information for all 6 processors :
  Max Mhz: 2808, Current Mhz: 2808, Mhz Limit: 2808

Memory: 4k page, system-wide physical 16323M (786M free)
TotalPageFile size 26075M (AvailPageFile size 3M)
current process WorkingSet (physical memory assigned to process): 483M, peak: 483M
current process commit charge ("private bytes"): 513M, peak: 513M

vm_info: OpenJDK 64-Bit Server VM (17.0.9+0--11185874) for windows-amd64 JRE (17.0.9+0--11185874), built on Dec  6 2023 18:57:44 by "androidbuild" with MS VC++ 16.10 / 16.11 (VS2019)

END.
